{"/home/travis/build/npmtest/node-npmtest-aqb/test.js":{"path":"/home/travis/build/npmtest/node-npmtest-aqb/test.js","s":{"1":2,"2":2,"3":2,"4":2,"5":2,"6":2,"7":2,"8":1,"9":2,"10":2,"11":1,"12":1,"13":1,"14":1,"15":2,"16":2,"17":2,"18":2,"19":1,"20":1,"21":2,"22":2,"23":2,"24":1,"25":1,"26":1,"27":1,"28":1,"29":1,"30":1,"31":1,"32":1,"33":1,"34":1,"35":1,"36":1,"37":1,"38":1,"39":2,"40":2,"41":1,"42":2,"43":2,"44":1,"45":2,"46":2,"47":1,"48":2,"49":2,"50":1,"51":1,"52":1,"53":1,"54":1},"b":{"1":[2,1,1,1],"2":[1,1,1,1],"3":[1,1],"4":[1,1],"5":[1,1],"6":[1,1],"7":[1,1],"8":[1,1],"9":[1,1],"10":[1,1,1],"11":[1,1],"12":[1,1],"13":[1,1],"14":[1,1],"15":[1,1],"16":[1,1],"17":[1,1]},"f":{"1":2,"2":2,"3":2,"4":2,"5":2,"6":1,"7":1,"8":1,"9":2,"10":2,"11":2,"12":2,"13":1},"fnMap":{"1":{"name":"(anonymous_1)","line":12,"loc":{"start":{"line":12,"column":1},"end":{"line":12,"column":13}}},"2":{"name":"(anonymous_2)","line":19,"loc":{"start":{"line":19,"column":5},"end":{"line":19,"column":17}}},"3":{"name":"(anonymous_3)","line":23,"loc":{"start":{"line":23,"column":24},"end":{"line":23,"column":36}}},"4":{"name":"(anonymous_4)","line":61,"loc":{"start":{"line":61,"column":5},"end":{"line":61,"column":17}}},"5":{"name":"(anonymous_5)","line":82,"loc":{"start":{"line":82,"column":5},"end":{"line":82,"column":17}}},"6":{"name":"(anonymous_6)","line":91,"loc":{"start":{"line":91,"column":77},"end":{"line":94,"column":10}}},"7":{"name":"(anonymous_7)","line":112,"loc":{"start":{"line":112,"column":83},"end":{"line":115,"column":10}},"skip":true},"8":{"name":"(anonymous_8)","line":123,"loc":{"start":{"line":123,"column":77},"end":{"line":126,"column":10}},"skip":true},"9":{"name":"(anonymous_9)","line":139,"loc":{"start":{"line":139,"column":12},"end":{"line":139,"column":40}},"skip":true},"10":{"name":"(anonymous_10)","line":147,"loc":{"start":{"line":147,"column":77},"end":{"line":150,"column":10}},"skip":true},"11":{"name":"(anonymous_11)","line":158,"loc":{"start":{"line":158,"column":83},"end":{"line":161,"column":10}},"skip":true},"12":{"name":"(anonymous_12)","line":169,"loc":{"start":{"line":169,"column":79},"end":{"line":172,"column":10}},"skip":true},"13":{"name":"(anonymous_13)","line":180,"loc":{"start":{"line":180,"column":75},"end":{"line":183,"column":10}},"skip":true}},"statementMap":{"1":{"start":{"line":12,"column":0},"end":{"line":195,"column":5}},"2":{"start":{"line":14,"column":4},"end":{"line":14,"column":14}},"3":{"start":{"line":19,"column":4},"end":{"line":56,"column":9}},"4":{"start":{"line":21,"column":8},"end":{"line":21,"column":19}},"5":{"start":{"line":23,"column":8},"end":{"line":35,"column":13}},"6":{"start":{"line":24,"column":12},"end":{"line":34,"column":13}},"7":{"start":{"line":25,"column":16},"end":{"line":28,"column":30}},"8":{"start":{"line":30,"column":16},"end":{"line":33,"column":27}},"9":{"start":{"line":37,"column":8},"end":{"line":39,"column":21}},"10":{"start":{"line":40,"column":8},"end":{"line":53,"column":9}},"11":{"start":{"line":43,"column":12},"end":{"line":46,"column":14}},"12":{"start":{"line":47,"column":12},"end":{"line":47,"column":18}},"13":{"start":{"line":50,"column":12},"end":{"line":51,"column":46}},"14":{"start":{"line":52,"column":12},"end":{"line":52,"column":18}},"15":{"start":{"line":55,"column":8},"end":{"line":55,"column":35}},"16":{"start":{"line":61,"column":4},"end":{"line":63,"column":9}},"17":{"start":{"line":62,"column":8},"end":{"line":62,"column":15}},"18":{"start":{"line":64,"column":4},"end":{"line":77,"column":5}},"19":{"start":{"line":70,"column":8},"end":{"line":70,"column":14}},"20":{"start":{"line":76,"column":8},"end":{"line":76,"column":14}},"21":{"start":{"line":82,"column":4},"end":{"line":84,"column":9}},"22":{"start":{"line":83,"column":8},"end":{"line":83,"column":15}},"23":{"start":{"line":85,"column":4},"end":{"line":194,"column":5}},"24":{"start":{"line":91,"column":8},"end":{"line":99,"column":10}},"25":{"start":{"line":98,"column":12},"end":{"line":98,"column":35}},"26":{"start":{"line":102,"column":8},"end":{"line":104,"column":63}},"27":{"start":{"line":105,"column":8},"end":{"line":105,"column":14}},"28":{"start":{"line":112,"column":8},"end":{"line":121,"column":10},"skip":true},"29":{"start":{"line":119,"column":12},"end":{"line":119,"column":55},"skip":true},"30":{"start":{"line":120,"column":12},"end":{"line":120,"column":48},"skip":true},"31":{"start":{"line":123,"column":8},"end":{"line":136,"column":10},"skip":true},"32":{"start":{"line":130,"column":12},"end":{"line":130,"column":76},"skip":true},"33":{"start":{"line":131,"column":12},"end":{"line":131,"column":73},"skip":true},"34":{"start":{"line":132,"column":12},"end":{"line":132,"column":74},"skip":true},"35":{"start":{"line":133,"column":12},"end":{"line":133,"column":79},"skip":true},"36":{"start":{"line":134,"column":12},"end":{"line":134,"column":25},"skip":true},"37":{"start":{"line":135,"column":12},"end":{"line":135,"column":45},"skip":true},"38":{"start":{"line":138,"column":8},"end":{"line":145,"column":14},"skip":true},"39":{"start":{"line":143,"column":16},"end":{"line":143,"column":29},"skip":true},"40":{"start":{"line":144,"column":16},"end":{"line":144,"column":55},"skip":true},"41":{"start":{"line":147,"column":8},"end":{"line":156,"column":10},"skip":true},"42":{"start":{"line":154,"column":12},"end":{"line":154,"column":25},"skip":true},"43":{"start":{"line":155,"column":12},"end":{"line":155,"column":45},"skip":true},"44":{"start":{"line":158,"column":8},"end":{"line":167,"column":10},"skip":true},"45":{"start":{"line":165,"column":12},"end":{"line":165,"column":25},"skip":true},"46":{"start":{"line":166,"column":12},"end":{"line":166,"column":48},"skip":true},"47":{"start":{"line":169,"column":8},"end":{"line":178,"column":10},"skip":true},"48":{"start":{"line":176,"column":12},"end":{"line":176,"column":25},"skip":true},"49":{"start":{"line":177,"column":12},"end":{"line":177,"column":46},"skip":true},"50":{"start":{"line":180,"column":8},"end":{"line":189,"column":10},"skip":true},"51":{"start":{"line":187,"column":12},"end":{"line":187,"column":94},"skip":true},"52":{"start":{"line":188,"column":12},"end":{"line":188,"column":48},"skip":true},"53":{"start":{"line":192,"column":8},"end":{"line":192,"column":35},"skip":true},"54":{"start":{"line":193,"column":8},"end":{"line":193,"column":14},"skip":true}},"branchMap":{"1":{"line":25,"type":"binary-expr","locations":[{"start":{"line":25,"column":23},"end":{"line":25,"column":62}},{"start":{"line":26,"column":20},"end":{"line":26,"column":70}},{"start":{"line":27,"column":20},"end":{"line":27,"column":71}},{"start":{"line":28,"column":20},"end":{"line":28,"column":29}}]},"2":{"line":30,"type":"binary-expr","locations":[{"start":{"line":30,"column":23},"end":{"line":30,"column":37}},{"start":{"line":31,"column":20},"end":{"line":31,"column":61}},{"start":{"line":32,"column":20},"end":{"line":32,"column":70}},{"start":{"line":33,"column":20},"end":{"line":33,"column":26}}]},"3":{"line":37,"type":"cond-expr","locations":[{"start":{"line":38,"column":14},"end":{"line":38,"column":20}},{"start":{"line":39,"column":14},"end":{"line":39,"column":20}}]},"4":{"line":40,"type":"switch","locations":[{"start":{"line":42,"column":8},"end":{"line":47,"column":18}},{"start":{"line":49,"column":8},"end":{"line":52,"column":18}}]},"5":{"line":44,"type":"binary-expr","locations":[{"start":{"line":44,"column":16},"end":{"line":44,"column":44}},{"start":{"line":44,"column":48},"end":{"line":44,"column":66}}]},"6":{"line":50,"type":"binary-expr","locations":[{"start":{"line":50,"column":21},"end":{"line":50,"column":49}},{"start":{"line":50,"column":53},"end":{"line":50,"column":72}}]},"7":{"line":64,"type":"switch","locations":[{"start":{"line":69,"column":4},"end":{"line":70,"column":14}},{"start":{"line":75,"column":4},"end":{"line":76,"column":14}}]},"8":{"line":85,"type":"switch","locations":[{"start":{"line":90,"column":4},"end":{"line":105,"column":14}},{"start":{"line":111,"column":4},"end":{"line":193,"column":14},"skip":true}]},"9":{"line":91,"type":"binary-expr","locations":[{"start":{"line":91,"column":42},"end":{"line":91,"column":73}},{"start":{"line":91,"column":77},"end":{"line":99,"column":9}}]},"10":{"line":102,"type":"binary-expr","locations":[{"start":{"line":102,"column":18},"end":{"line":102,"column":32}},{"start":{"line":103,"column":12},"end":{"line":103,"column":53}},{"start":{"line":104,"column":12},"end":{"line":104,"column":61}}]},"11":{"line":112,"type":"binary-expr","locations":[{"start":{"line":112,"column":45},"end":{"line":112,"column":79},"skip":true},{"start":{"line":112,"column":83},"end":{"line":121,"column":9},"skip":true}]},"12":{"line":123,"type":"binary-expr","locations":[{"start":{"line":123,"column":42},"end":{"line":123,"column":73},"skip":true},{"start":{"line":123,"column":77},"end":{"line":136,"column":9},"skip":true}]},"13":{"line":138,"type":"binary-expr","locations":[{"start":{"line":138,"column":48},"end":{"line":138,"column":85},"skip":true},{"start":{"line":139,"column":12},"end":{"line":145,"column":13},"skip":true}]},"14":{"line":147,"type":"binary-expr","locations":[{"start":{"line":147,"column":42},"end":{"line":147,"column":73},"skip":true},{"start":{"line":147,"column":77},"end":{"line":156,"column":9},"skip":true}]},"15":{"line":158,"type":"binary-expr","locations":[{"start":{"line":158,"column":45},"end":{"line":158,"column":79},"skip":true},{"start":{"line":158,"column":83},"end":{"line":167,"column":9},"skip":true}]},"16":{"line":169,"type":"binary-expr","locations":[{"start":{"line":169,"column":43},"end":{"line":169,"column":75},"skip":true},{"start":{"line":169,"column":79},"end":{"line":178,"column":9},"skip":true}]},"17":{"line":180,"type":"binary-expr","locations":[{"start":{"line":180,"column":41},"end":{"line":180,"column":71},"skip":true},{"start":{"line":180,"column":75},"end":{"line":189,"column":9},"skip":true}]}},"code":["/* istanbul instrument in package npmtest_aqb */","/*jslint","    bitwise: true,","    browser: true,","    maxerr: 8,","    maxlen: 96,","    node: true,","    nomen: true,","    regexp: true,","    stupid: true","*/","(function () {","    'use strict';","    var local;","","","","    // run shared js-env code - pre-init","    (function () {","        // init local","        local = {};","        // init modeJs","        local.modeJs = (function () {","            try {","                return typeof navigator.userAgent === 'string' &&","                    typeof document.querySelector('body') === 'object' &&","                    typeof XMLHttpRequest.prototype.open === 'function' &&","                    'browser';","            } catch (errorCaughtBrowser) {","                return module.exports &&","                    typeof process.versions.node === 'string' &&","                    typeof require('http').createServer === 'function' &&","                    'node';","            }","        }());","        // init global","        local.global = local.modeJs === 'browser'","            ? window","            : global;","        switch (local.modeJs) {","        // re-init local from window.local","        case 'browser':","            local = local.global.utility2.objectSetDefault(","                local.global.utility2_rollup || local.global.local,","                local.global.utility2","            );","            break;","        // re-init local from example.js","        case 'node':","            local = (local.global.utility2_rollup || require('utility2'))","                .requireExampleJsFromReadme();","            break;","        }","        // export local","        local.global.local = local;","    }());","","","","    // run shared js-env code - function","    (function () {","        return;","    }());","    switch (local.modeJs) {","","","","    // run browser js-env code - function","    case 'browser':","        break;","","","","    // run node js-env code - function","    case 'node':","        break;","    }","","","","    // run shared js-env code - post-init","    (function () {","        return;","    }());","    switch (local.modeJs) {","","","","    // run browser js-env code - post-init","    case 'browser':","        local.testCase_browser_nullCase = local.testCase_browser_nullCase || function (","            options,","            onError","        ) {","        /*","         * this function will test browsers's null-case handling-behavior-behavior","         */","            onError(null, options);","        };","","        // run tests","        local.nop(local.modeTest &&","            document.querySelector('#testRunButton1') &&","            document.querySelector('#testRunButton1').click());","        break;","","","","    // run node js-env code - post-init","    /* istanbul ignore next */","    case 'node':","        local.testCase_buildApidoc_default = local.testCase_buildApidoc_default || function (","            options,","            onError","        ) {","        /*","         * this function will test buildApidoc's default handling-behavior-behavior","         */","            options = { modulePathList: module.paths };","            local.buildApidoc(options, onError);","        };","","        local.testCase_buildApp_default = local.testCase_buildApp_default || function (","            options,","            onError","        ) {","        /*","         * this function will test buildApp's default handling-behavior-behavior","         */","            local.testCase_buildReadme_default(options, local.onErrorThrow);","            local.testCase_buildLib_default(options, local.onErrorThrow);","            local.testCase_buildTest_default(options, local.onErrorThrow);","            local.testCase_buildCustomOrg_default(options, local.onErrorThrow);","            options = [];","            local.buildApp(options, onError);","        };","","        local.testCase_buildCustomOrg_default = local.testCase_buildCustomOrg_default ||","            function (options, onError) {","            /*","             * this function will test buildCustomOrg's default handling-behavior","             */","                options = {};","                local.buildCustomOrg(options, onError);","            };","","        local.testCase_buildLib_default = local.testCase_buildLib_default || function (","            options,","            onError","        ) {","        /*","         * this function will test buildLib's default handling-behavior","         */","            options = {};","            local.buildLib(options, onError);","        };","","        local.testCase_buildReadme_default = local.testCase_buildReadme_default || function (","            options,","            onError","        ) {","        /*","         * this function will test buildReadme's default handling-behavior-behavior","         */","            options = {};","            local.buildReadme(options, onError);","        };","","        local.testCase_buildTest_default = local.testCase_buildTest_default || function (","            options,","            onError","        ) {","        /*","         * this function will test buildTest's default handling-behavior","         */","            options = {};","            local.buildTest(options, onError);","        };","","        local.testCase_webpage_default = local.testCase_webpage_default || function (","            options,","            onError","        ) {","        /*","         * this function will test webpage's default handling-behavior","         */","            options = { modeCoverageMerge: true, url: local.serverLocalHost + '?modeTest=1' };","            local.browserTest(options, onError);","        };","","        // run test-server","        local.testRunServer(local);","        break;","    }","}());",""],"l":{"12":2,"14":2,"19":2,"21":2,"23":2,"24":2,"25":2,"30":1,"37":2,"40":2,"43":1,"47":1,"50":1,"52":1,"55":2,"61":2,"62":2,"64":2,"70":1,"76":1,"82":2,"83":2,"85":2,"91":1,"98":1,"102":1,"105":1,"112":1,"119":1,"120":1,"123":1,"130":1,"131":1,"132":1,"133":1,"134":1,"135":1,"138":1,"143":2,"144":2,"147":1,"154":2,"155":2,"158":1,"165":2,"166":2,"169":1,"176":2,"177":2,"180":1,"187":1,"188":1,"192":1,"193":1}},"/home/travis/build/npmtest/node-npmtest-aqb/lib.npmtest_aqb.js":{"path":"/home/travis/build/npmtest/node-npmtest-aqb/lib.npmtest_aqb.js","s":{"1":2,"2":2,"3":2,"4":2,"5":2,"6":2,"7":2,"8":1,"9":2,"10":2,"11":2,"12":2,"13":1,"14":1,"15":1,"16":1},"b":{"1":[2,1,1,1],"2":[1,1,1,1],"3":[1,1],"4":[2,2],"5":[1,1]},"f":{"1":2,"2":2,"3":2},"fnMap":{"1":{"name":"(anonymous_1)","line":12,"loc":{"start":{"line":12,"column":1},"end":{"line":12,"column":13}}},"2":{"name":"(anonymous_2)","line":19,"loc":{"start":{"line":19,"column":5},"end":{"line":19,"column":17}}},"3":{"name":"(anonymous_3)","line":23,"loc":{"start":{"line":23,"column":24},"end":{"line":23,"column":36}}}},"statementMap":{"1":{"start":{"line":12,"column":0},"end":{"line":53,"column":5}},"2":{"start":{"line":14,"column":4},"end":{"line":14,"column":14}},"3":{"start":{"line":19,"column":4},"end":{"line":52,"column":9}},"4":{"start":{"line":21,"column":8},"end":{"line":21,"column":19}},"5":{"start":{"line":23,"column":8},"end":{"line":35,"column":13}},"6":{"start":{"line":24,"column":12},"end":{"line":34,"column":13}},"7":{"start":{"line":25,"column":16},"end":{"line":28,"column":30}},"8":{"start":{"line":30,"column":16},"end":{"line":33,"column":27}},"9":{"start":{"line":37,"column":8},"end":{"line":39,"column":21}},"10":{"start":{"line":41,"column":8},"end":{"line":41,"column":54}},"11":{"start":{"line":43,"column":8},"end":{"line":43,"column":48}},"12":{"start":{"line":45,"column":8},"end":{"line":51,"column":9}},"13":{"start":{"line":46,"column":12},"end":{"line":46,"column":54}},"14":{"start":{"line":48,"column":12},"end":{"line":48,"column":35}},"15":{"start":{"line":49,"column":12},"end":{"line":49,"column":49}},"16":{"start":{"line":50,"column":12},"end":{"line":50,"column":43}}},"branchMap":{"1":{"line":25,"type":"binary-expr","locations":[{"start":{"line":25,"column":23},"end":{"line":25,"column":62}},{"start":{"line":26,"column":20},"end":{"line":26,"column":70}},{"start":{"line":27,"column":20},"end":{"line":27,"column":71}},{"start":{"line":28,"column":20},"end":{"line":28,"column":29}}]},"2":{"line":30,"type":"binary-expr","locations":[{"start":{"line":30,"column":23},"end":{"line":30,"column":37}},{"start":{"line":31,"column":20},"end":{"line":31,"column":61}},{"start":{"line":32,"column":20},"end":{"line":32,"column":70}},{"start":{"line":33,"column":20},"end":{"line":33,"column":26}}]},"3":{"line":37,"type":"cond-expr","locations":[{"start":{"line":38,"column":14},"end":{"line":38,"column":20}},{"start":{"line":39,"column":14},"end":{"line":39,"column":20}}]},"4":{"line":41,"type":"binary-expr","locations":[{"start":{"line":41,"column":16},"end":{"line":41,"column":44}},{"start":{"line":41,"column":48},"end":{"line":41,"column":53}}]},"5":{"line":45,"type":"if","locations":[{"start":{"line":45,"column":8},"end":{"line":45,"column":8}},{"start":{"line":45,"column":8},"end":{"line":45,"column":8}}]}},"code":["/* istanbul instrument in package npmtest_aqb */","/*jslint","    bitwise: true,","    browser: true,","    maxerr: 8,","    maxlen: 96,","    node: true,","    nomen: true,","    regexp: true,","    stupid: true","*/","(function () {","    'use strict';","    var local;","","","","    // run shared js-env code - pre-init","    (function () {","        // init local","        local = {};","        // init modeJs","        local.modeJs = (function () {","            try {","                return typeof navigator.userAgent === 'string' &&","                    typeof document.querySelector('body') === 'object' &&","                    typeof XMLHttpRequest.prototype.open === 'function' &&","                    'browser';","            } catch (errorCaughtBrowser) {","                return module.exports &&","                    typeof process.versions.node === 'string' &&","                    typeof require('http').createServer === 'function' &&","                    'node';","            }","        }());","        // init global","        local.global = local.modeJs === 'browser'","            ? window","            : global;","        // init utility2_rollup","        local = local.global.utility2_rollup || local;","        // init lib","        local.local = local.npmtest_aqb = local;","        // init exports","        if (local.modeJs === 'browser') {","            local.global.utility2_npmtest_aqb = local;","        } else {","            module.exports = local;","            module.exports.__dirname = __dirname;","            module.exports.module = module;","        }","    }());","}());",""],"l":{"12":2,"14":2,"19":2,"21":2,"23":2,"24":2,"25":2,"30":1,"37":2,"41":2,"43":2,"45":2,"46":1,"48":1,"49":1,"50":1}},"/home/travis/build/npmtest/node-npmtest-aqb/example.js":{"path":"/home/travis/build/npmtest/node-npmtest-aqb/example.js","s":{"1":2,"2":2,"3":2,"4":2,"5":2,"6":2,"7":2,"8":1,"9":2,"10":2,"11":2,"12":2,"13":1,"14":2,"15":2,"16":2,"17":2,"18":2,"19":0,"20":2,"21":1,"22":1,"23":1,"24":1,"25":1,"26":0,"27":0,"28":1,"29":1,"30":2,"31":0,"32":0,"33":0,"34":1,"35":2,"36":2,"37":3,"38":3,"39":3,"40":3,"41":0,"42":3,"43":3,"44":3,"45":1,"46":3,"47":1,"48":1,"49":1,"50":1,"51":1,"52":1,"53":1,"54":1,"55":1,"56":1,"57":0,"58":1,"59":6,"60":6,"61":1,"62":2,"63":0,"64":2,"65":1,"66":1,"67":0,"68":0,"69":0,"70":0,"71":0,"72":0,"73":0,"74":0,"75":0,"76":0,"77":0,"78":0,"79":0,"80":0,"81":0,"82":0,"83":0},"b":{"1":[2,1,1,1],"2":[1,1,1,1],"3":[1,1],"4":[2,2],"5":[1,1],"6":[1,1],"7":[2,0],"8":[2,1,1,1,1,1],"9":[0,2,0],"10":[1,1],"11":[2,1,1],"12":[1,0],"13":[0,2],"14":[2,0,0,0,0,0,0],"15":[0,3],"16":[3,0],"17":[1,1],"18":[0,1],"19":[1,2,0,2],"20":[1,0],"21":[1,1],"22":[0,0],"23":[0,0],"24":[0,0],"25":[0,0],"26":[0,0],"27":[0,0],"28":[0,0]},"f":{"1":2,"2":2,"3":2,"4":2,"5":2,"6":2,"7":3,"8":3,"9":3,"10":1,"11":6,"12":0},"fnMap":{"1":{"name":"(anonymous_1)","line":26,"loc":{"start":{"line":26,"column":1},"end":{"line":26,"column":13}}},"2":{"name":"(anonymous_2)","line":33,"loc":{"start":{"line":33,"column":5},"end":{"line":33,"column":17}}},"3":{"name":"(anonymous_3)","line":37,"loc":{"start":{"line":37,"column":24},"end":{"line":37,"column":36}}},"4":{"name":"(anonymous_4)","line":69,"loc":{"start":{"line":69,"column":31},"end":{"line":69,"column":48}},"skip":true},"5":{"name":"(anonymous_5)","line":78,"loc":{"start":{"line":78,"column":26},"end":{"line":78,"column":45}},"skip":true},"6":{"name":"(anonymous_6)","line":123,"loc":{"start":{"line":123,"column":33},"end":{"line":123,"column":48}},"skip":true},"7":{"name":"(anonymous_7)","line":125,"loc":{"start":{"line":125,"column":27},"end":{"line":125,"column":39}},"skip":true},"8":{"name":"(anonymous_8)","line":133,"loc":{"start":{"line":133,"column":59},"end":{"line":133,"column":74}},"skip":true},"9":{"name":"(anonymous_9)","line":143,"loc":{"start":{"line":143,"column":45},"end":{"line":143,"column":62}},"skip":true},"10":{"name":"(anonymous_10)","line":144,"loc":{"start":{"line":144,"column":73},"end":{"line":144,"column":92}},"skip":true},"11":{"name":"(anonymous_11)","line":272,"loc":{"start":{"line":272,"column":51},"end":{"line":272,"column":77}},"skip":true},"12":{"name":"(anonymous_12)","line":315,"loc":{"start":{"line":315,"column":32},"end":{"line":315,"column":61}},"skip":true}},"statementMap":{"1":{"start":{"line":26,"column":0},"end":{"line":326,"column":5}},"2":{"start":{"line":28,"column":4},"end":{"line":28,"column":14}},"3":{"start":{"line":33,"column":4},"end":{"line":60,"column":9}},"4":{"start":{"line":35,"column":8},"end":{"line":35,"column":19}},"5":{"start":{"line":37,"column":8},"end":{"line":49,"column":13}},"6":{"start":{"line":38,"column":12},"end":{"line":48,"column":13}},"7":{"start":{"line":39,"column":16},"end":{"line":42,"column":30}},"8":{"start":{"line":44,"column":16},"end":{"line":47,"column":27}},"9":{"start":{"line":51,"column":8},"end":{"line":53,"column":21}},"10":{"start":{"line":55,"column":8},"end":{"line":57,"column":45}},"11":{"start":{"line":59,"column":8},"end":{"line":59,"column":35}},"12":{"start":{"line":61,"column":4},"end":{"line":325,"column":5}},"13":{"start":{"line":69,"column":8},"end":{"line":121,"column":10},"skip":true},"14":{"start":{"line":70,"column":12},"end":{"line":88,"column":13},"skip":true},"15":{"start":{"line":76,"column":16},"end":{"line":87,"column":19},"skip":true},"16":{"start":{"line":79,"column":20},"end":{"line":86,"column":21},"skip":true},"17":{"start":{"line":82,"column":24},"end":{"line":82,"column":43},"skip":true},"18":{"start":{"line":83,"column":24},"end":{"line":83,"column":30},"skip":true},"19":{"start":{"line":85,"column":24},"end":{"line":85,"column":49},"skip":true},"20":{"start":{"line":89,"column":12},"end":{"line":107,"column":13},"skip":true},"21":{"start":{"line":92,"column":16},"end":{"line":102,"column":17},"skip":true},"22":{"start":{"line":93,"column":20},"end":{"line":93,"column":86},"skip":true},"23":{"start":{"line":94,"column":20},"end":{"line":95,"column":45},"skip":true},"24":{"start":{"line":96,"column":20},"end":{"line":96,"column":42},"skip":true},"25":{"start":{"line":97,"column":20},"end":{"line":97,"column":48},"skip":true},"26":{"start":{"line":100,"column":20},"end":{"line":100,"column":85},"skip":true},"27":{"start":{"line":101,"column":20},"end":{"line":101,"column":96},"skip":true},"28":{"start":{"line":103,"column":16},"end":{"line":103,"column":22},"skip":true},"29":{"start":{"line":106,"column":16},"end":{"line":106,"column":22},"skip":true},"30":{"start":{"line":108,"column":12},"end":{"line":120,"column":13},"skip":true},"31":{"start":{"line":114,"column":16},"end":{"line":119,"column":17},"skip":true},"32":{"start":{"line":116,"column":20},"end":{"line":116,"column":78},"skip":true},"33":{"start":{"line":118,"column":20},"end":{"line":118,"column":47},"skip":true},"34":{"start":{"line":123,"column":8},"end":{"line":141,"column":11},"skip":true},"35":{"start":{"line":124,"column":12},"end":{"line":124,"column":54},"skip":true},"36":{"start":{"line":125,"column":12},"end":{"line":140,"column":14},"skip":true},"37":{"start":{"line":126,"column":16},"end":{"line":126,"column":28},"skip":true},"38":{"start":{"line":127,"column":16},"end":{"line":127,"column":69},"skip":true},"39":{"start":{"line":128,"column":16},"end":{"line":128,"column":75},"skip":true},"40":{"start":{"line":129,"column":16},"end":{"line":131,"column":17},"skip":true},"41":{"start":{"line":130,"column":20},"end":{"line":130,"column":27},"skip":true},"42":{"start":{"line":133,"column":16},"end":{"line":137,"column":36},"skip":true},"43":{"start":{"line":134,"column":20},"end":{"line":136,"column":55},"skip":true},"44":{"start":{"line":139,"column":16},"end":{"line":139,"column":57},"skip":true},"45":{"start":{"line":143,"column":8},"end":{"line":147,"column":11},"skip":true},"46":{"start":{"line":144,"column":12},"end":{"line":146,"column":15},"skip":true},"47":{"start":{"line":145,"column":16},"end":{"line":145,"column":70},"skip":true},"48":{"start":{"line":149,"column":8},"end":{"line":149,"column":31},"skip":true},"49":{"start":{"line":150,"column":8},"end":{"line":150,"column":14},"skip":true},"50":{"start":{"line":158,"column":8},"end":{"line":158,"column":31},"skip":true},"51":{"start":{"line":160,"column":8},"end":{"line":160,"column":33},"skip":true},"52":{"start":{"line":161,"column":8},"end":{"line":161,"column":37},"skip":true},"53":{"start":{"line":162,"column":8},"end":{"line":162,"column":35},"skip":true},"54":{"start":{"line":164,"column":8},"end":{"line":164,"column":50},"skip":true},"55":{"start":{"line":166,"column":8},"end":{"line":256,"column":2},"skip":true},"56":{"start":{"line":258,"column":8},"end":{"line":286,"column":9},"skip":true},"57":{"start":{"line":259,"column":12},"end":{"line":269,"column":14},"skip":true},"58":{"start":{"line":271,"column":12},"end":{"line":285,"column":19},"skip":true},"59":{"start":{"line":274,"column":20},"end":{"line":274,"column":35},"skip":true},"60":{"start":{"line":275,"column":20},"end":{"line":284,"column":21},"skip":true},"61":{"start":{"line":277,"column":24},"end":{"line":277,"column":64},"skip":true},"62":{"start":{"line":279,"column":24},"end":{"line":279,"column":40},"skip":true},"63":{"start":{"line":281,"column":24},"end":{"line":281,"column":40},"skip":true},"64":{"start":{"line":283,"column":24},"end":{"line":283,"column":39},"skip":true},"65":{"start":{"line":288,"column":8},"end":{"line":290,"column":9},"skip":true},"66":{"start":{"line":289,"column":12},"end":{"line":289,"column":18},"skip":true},"67":{"start":{"line":291,"column":8},"end":{"line":293,"column":54},"skip":true},"68":{"start":{"line":296,"column":8},"end":{"line":301,"column":37},"skip":true},"69":{"start":{"line":303,"column":8},"end":{"line":303,"column":82},"skip":true},"70":{"start":{"line":306,"column":8},"end":{"line":308,"column":9},"skip":true},"71":{"start":{"line":307,"column":12},"end":{"line":307,"column":82},"skip":true},"72":{"start":{"line":310,"column":8},"end":{"line":312,"column":9},"skip":true},"73":{"start":{"line":311,"column":12},"end":{"line":311,"column":18},"skip":true},"74":{"start":{"line":313,"column":8},"end":{"line":313,"column":54},"skip":true},"75":{"start":{"line":314,"column":8},"end":{"line":314,"column":69},"skip":true},"76":{"start":{"line":315,"column":8},"end":{"line":323,"column":36},"skip":true},"77":{"start":{"line":316,"column":12},"end":{"line":316,"column":61},"skip":true},"78":{"start":{"line":317,"column":12},"end":{"line":320,"column":13},"skip":true},"79":{"start":{"line":318,"column":16},"end":{"line":318,"column":75},"skip":true},"80":{"start":{"line":319,"column":16},"end":{"line":319,"column":23},"skip":true},"81":{"start":{"line":321,"column":12},"end":{"line":321,"column":38},"skip":true},"82":{"start":{"line":322,"column":12},"end":{"line":322,"column":27},"skip":true},"83":{"start":{"line":324,"column":8},"end":{"line":324,"column":14},"skip":true}},"branchMap":{"1":{"line":39,"type":"binary-expr","locations":[{"start":{"line":39,"column":23},"end":{"line":39,"column":62}},{"start":{"line":40,"column":20},"end":{"line":40,"column":70}},{"start":{"line":41,"column":20},"end":{"line":41,"column":71}},{"start":{"line":42,"column":20},"end":{"line":42,"column":29}}]},"2":{"line":44,"type":"binary-expr","locations":[{"start":{"line":44,"column":23},"end":{"line":44,"column":37}},{"start":{"line":45,"column":20},"end":{"line":45,"column":61}},{"start":{"line":46,"column":20},"end":{"line":46,"column":70}},{"start":{"line":47,"column":20},"end":{"line":47,"column":26}}]},"3":{"line":51,"type":"cond-expr","locations":[{"start":{"line":52,"column":14},"end":{"line":52,"column":20}},{"start":{"line":53,"column":14},"end":{"line":53,"column":20}}]},"4":{"line":55,"type":"binary-expr","locations":[{"start":{"line":55,"column":16},"end":{"line":55,"column":44}},{"start":{"line":55,"column":49},"end":{"line":57,"column":43}}]},"5":{"line":55,"type":"cond-expr","locations":[{"start":{"line":56,"column":14},"end":{"line":56,"column":47}},{"start":{"line":57,"column":14},"end":{"line":57,"column":43}}]},"6":{"line":61,"type":"switch","locations":[{"start":{"line":68,"column":4},"end":{"line":150,"column":14},"skip":true},{"start":{"line":156,"column":4},"end":{"line":324,"column":14},"skip":true}]},"7":{"line":70,"type":"if","locations":[{"start":{"line":70,"column":12},"end":{"line":70,"column":12},"skip":true},{"start":{"line":70,"column":12},"end":{"line":70,"column":12},"skip":true}]},"8":{"line":70,"type":"binary-expr","locations":[{"start":{"line":70,"column":16},"end":{"line":70,"column":22},"skip":true},{"start":{"line":70,"column":27},"end":{"line":70,"column":32},"skip":true},{"start":{"line":71,"column":20},"end":{"line":71,"column":39},"skip":true},{"start":{"line":72,"column":20},"end":{"line":72,"column":49},"skip":true},{"start":{"line":73,"column":20},"end":{"line":73,"column":58},"skip":true},{"start":{"line":74,"column":20},"end":{"line":74,"column":69},"skip":true}]},"9":{"line":79,"type":"switch","locations":[{"start":{"line":80,"column":20},"end":{"line":80,"column":33},"skip":true},{"start":{"line":81,"column":20},"end":{"line":83,"column":30},"skip":true},{"start":{"line":84,"column":20},"end":{"line":85,"column":49},"skip":true}]},"10":{"line":89,"type":"switch","locations":[{"start":{"line":90,"column":12},"end":{"line":103,"column":22},"skip":true},{"start":{"line":105,"column":12},"end":{"line":106,"column":22},"skip":true}]},"11":{"line":89,"type":"binary-expr","locations":[{"start":{"line":89,"column":20},"end":{"line":89,"column":25},"skip":true},{"start":{"line":89,"column":29},"end":{"line":89,"column":48},"skip":true},{"start":{"line":89,"column":52},"end":{"line":89,"column":74},"skip":true}]},"12":{"line":92,"type":"if","locations":[{"start":{"line":92,"column":16},"end":{"line":92,"column":16},"skip":true},{"start":{"line":92,"column":16},"end":{"line":92,"column":16},"skip":true}]},"13":{"line":108,"type":"if","locations":[{"start":{"line":108,"column":12},"end":{"line":108,"column":12},"skip":true},{"start":{"line":108,"column":12},"end":{"line":108,"column":12},"skip":true}]},"14":{"line":108,"type":"binary-expr","locations":[{"start":{"line":108,"column":16},"end":{"line":108,"column":61},"skip":true},{"start":{"line":108,"column":66},"end":{"line":108,"column":72},"skip":true},{"start":{"line":108,"column":77},"end":{"line":108,"column":82},"skip":true},{"start":{"line":109,"column":20},"end":{"line":109,"column":39},"skip":true},{"start":{"line":110,"column":20},"end":{"line":110,"column":49},"skip":true},{"start":{"line":111,"column":20},"end":{"line":111,"column":58},"skip":true},{"start":{"line":112,"column":20},"end":{"line":112,"column":68},"skip":true}]},"15":{"line":129,"type":"if","locations":[{"start":{"line":129,"column":16},"end":{"line":129,"column":16},"skip":true},{"start":{"line":129,"column":16},"end":{"line":129,"column":16},"skip":true}]},"16":{"line":134,"type":"cond-expr","locations":[{"start":{"line":135,"column":26},"end":{"line":135,"column":29},"skip":true},{"start":{"line":136,"column":26},"end":{"line":136,"column":54},"skip":true}]},"17":{"line":164,"type":"binary-expr","locations":[{"start":{"line":164,"column":27},"end":{"line":164,"column":43},"skip":true},{"start":{"line":164,"column":47},"end":{"line":164,"column":49},"skip":true}]},"18":{"line":258,"type":"if","locations":[{"start":{"line":258,"column":8},"end":{"line":258,"column":8},"skip":true},{"start":{"line":258,"column":8},"end":{"line":258,"column":8},"skip":true}]},"19":{"line":275,"type":"switch","locations":[{"start":{"line":276,"column":20},"end":{"line":277,"column":64},"skip":true},{"start":{"line":278,"column":20},"end":{"line":279,"column":40},"skip":true},{"start":{"line":280,"column":20},"end":{"line":281,"column":40},"skip":true},{"start":{"line":282,"column":20},"end":{"line":283,"column":39},"skip":true}]},"20":{"line":288,"type":"if","locations":[{"start":{"line":288,"column":8},"end":{"line":288,"column":8},"skip":true},{"start":{"line":288,"column":8},"end":{"line":288,"column":8},"skip":true}]},"21":{"line":288,"type":"binary-expr","locations":[{"start":{"line":288,"column":12},"end":{"line":288,"column":40},"skip":true},{"start":{"line":288,"column":44},"end":{"line":288,"column":67},"skip":true}]},"22":{"line":292,"type":"binary-expr","locations":[{"start":{"line":292,"column":12},"end":{"line":292,"column":50},"skip":true},{"start":{"line":293,"column":12},"end":{"line":293,"column":53},"skip":true}]},"23":{"line":297,"type":"binary-expr","locations":[{"start":{"line":297,"column":12},"end":{"line":297,"column":61},"skip":true},{"start":{"line":298,"column":12},"end":{"line":301,"column":36},"skip":true}]},"24":{"line":303,"type":"binary-expr","locations":[{"start":{"line":303,"column":43},"end":{"line":303,"column":75},"skip":true},{"start":{"line":303,"column":79},"end":{"line":303,"column":81},"skip":true}]},"25":{"line":306,"type":"if","locations":[{"start":{"line":306,"column":8},"end":{"line":306,"column":8},"skip":true},{"start":{"line":306,"column":8},"end":{"line":306,"column":8},"skip":true}]},"26":{"line":310,"type":"if","locations":[{"start":{"line":310,"column":8},"end":{"line":310,"column":8},"skip":true},{"start":{"line":310,"column":8},"end":{"line":310,"column":8},"skip":true}]},"27":{"line":313,"type":"binary-expr","locations":[{"start":{"line":313,"column":27},"end":{"line":313,"column":43},"skip":true},{"start":{"line":313,"column":47},"end":{"line":313,"column":53},"skip":true}]},"28":{"line":317,"type":"if","locations":[{"start":{"line":317,"column":12},"end":{"line":317,"column":12},"skip":true},{"start":{"line":317,"column":12},"end":{"line":317,"column":12},"skip":true}]}},"code":["/*","example.js","","quickstart example","","instruction","    1. save this script as example.js","    2. run the shell command:","        $ npm install npmtest-aqb && PORT=8081 node example.js","    3. play with the browser-demo on http://127.0.0.1:8081","*/","","","","/* istanbul instrument in package npmtest_aqb */","/*jslint","    bitwise: true,","    browser: true,","    maxerr: 8,","    maxlen: 96,","    node: true,","    nomen: true,","    regexp: true,","    stupid: true","*/","(function () {","    'use strict';","    var local;","","","","    // run shared js-env code - pre-init","    (function () {","        // init local","        local = {};","        // init modeJs","        local.modeJs = (function () {","            try {","                return typeof navigator.userAgent === 'string' &&","                    typeof document.querySelector('body') === 'object' &&","                    typeof XMLHttpRequest.prototype.open === 'function' &&","                    'browser';","            } catch (errorCaughtBrowser) {","                return module.exports &&","                    typeof process.versions.node === 'string' &&","                    typeof require('http').createServer === 'function' &&","                    'node';","            }","        }());","        // init global","        local.global = local.modeJs === 'browser'","            ? window","            : global;","        // init utility2_rollup","        local = local.global.utility2_rollup || (local.modeJs === 'browser'","            ? local.global.utility2_npmtest_aqb","            : global.utility2_moduleExports);","        // export local","        local.global.local = local;","    }());","    switch (local.modeJs) {","","","","    // post-init","    // run browser js-env code - post-init","    /* istanbul ignore next */","    case 'browser':","        local.testRunBrowser = function (event) {","            if (!event || (event &&","                    event.currentTarget &&","                    event.currentTarget.className &&","                    event.currentTarget.className.includes &&","                    event.currentTarget.className.includes('onreset'))) {","                // reset output","                Array.from(","                    document.querySelectorAll('body > .resettable')","                ).forEach(function (element) {","                    switch (element.tagName) {","                    case 'INPUT':","                    case 'TEXTAREA':","                        element.value = '';","                        break;","                    default:","                        element.textContent = '';","                    }","                });","            }","            switch (event && event.currentTarget && event.currentTarget.id) {","            case 'testRunButton1':","                // show tests","                if (document.querySelector('#testReportDiv1').style.display === 'none') {","                    document.querySelector('#testReportDiv1').style.display = 'block';","                    document.querySelector('#testRunButton1').textContent =","                        'hide internal test';","                    local.modeTest = true;","                    local.testRunDefault(local);","                // hide tests","                } else {","                    document.querySelector('#testReportDiv1').style.display = 'none';","                    document.querySelector('#testRunButton1').textContent = 'run internal test';","                }","                break;","            // custom-case","            default:","                break;","            }","            if (document.querySelector('#inputTextareaEval1') && (!event || (event &&","                    event.currentTarget &&","                    event.currentTarget.className &&","                    event.currentTarget.className.includes &&","                    event.currentTarget.className.includes('oneval')))) {","                // try to eval input-code","                try {","                    /*jslint evil: true*/","                    eval(document.querySelector('#inputTextareaEval1').value);","                } catch (errorCaught) {","                    console.error(errorCaught);","                }","            }","        };","        // log stderr and stdout to #outputTextareaStdout1","        ['error', 'log'].forEach(function (key) {","            console[key + '_original'] = console[key];","            console[key] = function () {","                var element;","                console[key + '_original'].apply(console, arguments);","                element = document.querySelector('#outputTextareaStdout1');","                if (!element) {","                    return;","                }","                // append text to #outputTextareaStdout1","                element.value += Array.from(arguments).map(function (arg) {","                    return typeof arg === 'string'","                        ? arg","                        : JSON.stringify(arg, null, 4);","                }).join(' ') + '\\n';","                // scroll textarea to bottom","                element.scrollTop = element.scrollHeight;","            };","        });","        // init event-handling","        ['change', 'click', 'keyup'].forEach(function (event) {","            Array.from(document.querySelectorAll('.on' + event)).forEach(function (element) {","                element.addEventListener(event, local.testRunBrowser);","            });","        });","        // run tests","        local.testRunBrowser();","        break;","","","","    // run node js-env code - post-init","    /* istanbul ignore next */","    case 'node':","        // export local","        module.exports = local;","        // require modules","        local.fs = require('fs');","        local.http = require('http');","        local.url = require('url');","        // init assets","        local.assetsDict = local.assetsDict || {};","        /* jslint-ignore-begin */","        local.assetsDict['/assets.index.template.html'] = '\\","<!doctype html>\\n\\","<html lang=\"en\">\\n\\","<head>\\n\\","<meta charset=\"UTF-8\">\\n\\","<meta name=\"viewport\" content=\"width=device-width, initial-scale=1\">\\n\\","<title>{{env.npm_package_name}} (v{{env.npm_package_version}})</title>\\n\\","<style>\\n\\","/*csslint\\n\\","    box-sizing: false,\\n\\","    universal-selector: false\\n\\","*/\\n\\","* {\\n\\","    box-sizing: border-box;\\n\\","}\\n\\","body {\\n\\","    background: #dde;\\n\\","    font-family: Arial, Helvetica, sans-serif;\\n\\","    margin: 2rem;\\n\\","}\\n\\","body > * {\\n\\","    margin-bottom: 1rem;\\n\\","}\\n\\",".utility2FooterDiv {\\n\\","    margin-top: 20px;\\n\\","    text-align: center;\\n\\","}\\n\\","</style>\\n\\","<style>\\n\\","/*csslint\\n\\","*/\\n\\","textarea {\\n\\","    font-family: monospace;\\n\\","    height: 10rem;\\n\\","    width: 100%;\\n\\","}\\n\\","textarea[readonly] {\\n\\","    background: #ddd;\\n\\","}\\n\\","</style>\\n\\","</head>\\n\\","<body>\\n\\","<!-- utility2-comment\\n\\","<div id=\"ajaxProgressDiv1\" style=\"background: #d00; height: 2px; left: 0; margin: 0; padding: 0; position: fixed; top: 0; transition: background 0.5s, width 1.5s; width: 25%;\"></div>\\n\\","utility2-comment -->\\n\\","<h1>\\n\\","<!-- utility2-comment\\n\\","    <a\\n\\","        {{#if env.npm_package_homepage}}\\n\\","        href=\"{{env.npm_package_homepage}}\"\\n\\","        {{/if env.npm_package_homepage}}\\n\\","        target=\"_blank\"\\n\\","    >\\n\\","utility2-comment -->\\n\\","        {{env.npm_package_name}} (v{{env.npm_package_version}})\\n\\","<!-- utility2-comment\\n\\","    </a>\\n\\","utility2-comment -->\\n\\","</h1>\\n\\","<h3>{{env.npm_package_description}}</h3>\\n\\","<!-- utility2-comment\\n\\","<h4><a download href=\"assets.app.js\">download standalone app</a></h4>\\n\\","<button class=\"onclick onreset\" id=\"testRunButton1\">run internal test</button><br>\\n\\","<div id=\"testReportDiv1\" style=\"display: none;\"></div>\\n\\","utility2-comment -->\\n\\","\\n\\","\\n\\","\\n\\","<label>stderr and stdout</label>\\n\\","<textarea class=\"resettable\" id=\"outputTextareaStdout1\" readonly></textarea>\\n\\","<!-- utility2-comment\\n\\","{{#if isRollup}}\\n\\","<script src=\"assets.app.js\"></script>\\n\\","{{#unless isRollup}}\\n\\","utility2-comment -->\\n\\","<script src=\"assets.utility2.rollup.js\"></script>\\n\\","<script src=\"jsonp.utility2._stateInit?callback=window.utility2._stateInit\"></script>\\n\\","<script src=\"assets.npmtest_aqb.rollup.js\"></script>\\n\\","<script src=\"assets.example.js\"></script>\\n\\","<script src=\"assets.test.js\"></script>\\n\\","<!-- utility2-comment\\n\\","{{/if isRollup}}\\n\\","utility2-comment -->\\n\\","<div class=\"utility2FooterDiv\">\\n\\","    [ this app was created with\\n\\","    <a href=\"https://github.com/kaizhu256/node-utility2\" target=\"_blank\">utility2</a>\\n\\","    ]\\n\\","</div>\\n\\","</body>\\n\\","</html>\\n\\","';","        /* jslint-ignore-end */","        if (local.templateRender) {","            local.assetsDict['/'] = local.templateRender(","                local.assetsDict['/assets.index.template.html'],","                {","                    env: local.objectSetDefault(local.env, {","                        npm_package_description: 'the greatest app in the world!',","                        npm_package_name: 'my-app',","                        npm_package_nameAlias: 'my_app',","                        npm_package_version: '0.0.1'","                    })","                }","            );","        } else {","            local.assetsDict['/'] = local.assetsDict['/assets.index.template.html']","                .replace((/\\{\\{env\\.(\\w+?)\\}\\}/g), function (match0, match1) {","                    // jslint-hack","                    String(match0);","                    switch (match1) {","                    case 'npm_package_description':","                        return 'the greatest app in the world!';","                    case 'npm_package_name':","                        return 'my-app';","                    case 'npm_package_nameAlias':","                        return 'my_app';","                    case 'npm_package_version':","                        return '0.0.1';","                    }","                });","        }","        // run the cli","        if (local.global.utility2_rollup || module !== require.main) {","            break;","        }","        local.assetsDict['/assets.example.js'] =","            local.assetsDict['/assets.example.js'] ||","            local.fs.readFileSync(__filename, 'utf8');","        // bug-workaround - long $npm_package_buildCustomOrg","        /* jslint-ignore-begin */","        local.assetsDict['/assets.npmtest_aqb.rollup.js'] =","            local.assetsDict['/assets.npmtest_aqb.rollup.js'] ||","            local.fs.readFileSync(","                local.npmtest_aqb.__dirname + '/lib.npmtest_aqb.js',","                'utf8'","            ).replace((/^#!/), '//');","        /* jslint-ignore-end */","        local.assetsDict['/favicon.ico'] = local.assetsDict['/favicon.ico'] || '';","        // if $npm_config_timeout_exit exists,","        // then exit this process after $npm_config_timeout_exit ms","        if (Number(process.env.npm_config_timeout_exit)) {","            setTimeout(process.exit, Number(process.env.npm_config_timeout_exit));","        }","        // start server","        if (local.global.utility2_serverHttp1) {","            break;","        }","        process.env.PORT = process.env.PORT || '8081';","        console.error('server starting on port ' + process.env.PORT);","        local.http.createServer(function (request, response) {","            request.urlParsed = local.url.parse(request.url);","            if (local.assetsDict[request.urlParsed.pathname] !== undefined) {","                response.end(local.assetsDict[request.urlParsed.pathname]);","                return;","            }","            response.statusCode = 404;","            response.end();","        }).listen(process.env.PORT);","        break;","    }","}());",""],"l":{"26":2,"28":2,"33":2,"35":2,"37":2,"38":2,"39":2,"44":1,"51":2,"55":2,"59":2,"61":2,"69":1,"70":2,"76":2,"79":2,"82":2,"83":2,"85":1,"89":2,"92":1,"93":1,"94":1,"96":1,"97":1,"100":1,"101":1,"103":1,"106":1,"108":2,"114":1,"116":1,"118":1,"123":1,"124":2,"125":2,"126":3,"127":3,"128":3,"129":3,"130":1,"133":3,"134":3,"139":3,"143":1,"144":3,"145":1,"149":1,"150":1,"158":1,"160":1,"161":1,"162":1,"164":1,"166":1,"258":1,"259":1,"271":1,"274":6,"275":6,"277":1,"279":2,"281":1,"283":2,"288":1,"289":1,"291":1,"296":1,"303":1,"306":1,"307":1,"310":1,"311":1,"313":1,"314":1,"315":1,"316":1,"317":1,"318":1,"319":1,"321":1,"322":1,"324":1}},"/home/travis/build/npmtest/node-npmtest-aqb/node_modules/aqb/index.js":{"path":"/home/travis/build/npmtest/node-npmtest-aqb/node_modules/aqb/index.js","s":{"1":1,"2":1,"3":1,"4":1,"5":1,"6":0,"7":0,"8":0,"9":0,"10":0,"11":0,"12":0,"13":0,"14":0,"15":0,"16":0,"17":0,"18":0,"19":0,"20":0,"21":1,"22":14,"23":0,"24":14,"25":1,"26":24,"27":1,"28":23,"29":0,"30":1,"31":0,"32":1,"33":0,"34":1,"35":0,"36":1,"37":0,"38":1,"39":0,"40":1,"41":0,"42":1,"43":0,"44":1,"45":0,"46":0,"47":0,"48":1,"49":0,"50":1,"51":126,"52":60,"53":126,"54":0,"55":0,"56":0,"57":0,"58":0,"59":0,"60":0,"61":0,"62":0,"63":0,"64":0,"65":0,"66":1,"67":1,"68":0,"69":0,"70":1,"71":126,"72":126,"73":1,"74":1},"b":{"1":[0,0],"2":[0,0],"3":[0,0],"4":[0,0],"5":[0,0],"6":[0,0],"7":[0,0],"8":[0,14],"9":[1,23],"10":[24,24],"11":[0,0],"12":[60,66],"13":[0,0],"14":[0,0],"15":[0,0],"16":[0,0],"17":[0,0],"18":[0,0,0],"19":[0,0],"20":[1,125]},"f":{"1":0,"2":14,"3":24,"4":0,"5":0,"6":0,"7":0,"8":0,"9":0,"10":0,"11":0,"12":0,"13":0,"14":126,"15":0,"16":1,"17":0,"18":126},"fnMap":{"1":{"name":"QB","line":9,"loc":{"start":{"line":9,"column":0},"end":{"line":9,"column":17}}},"2":{"name":"(anonymous_2)","line":34,"loc":{"start":{"line":34,"column":55},"end":{"line":34,"column":70}}},"3":{"name":"(anonymous_3)","line":39,"loc":{"start":{"line":39,"column":49},"end":{"line":39,"column":64}}},"4":{"name":"(anonymous_4)","line":41,"loc":{"start":{"line":41,"column":12},"end":{"line":41,"column":24}}},"5":{"name":"(anonymous_5)","line":49,"loc":{"start":{"line":49,"column":8},"end":{"line":49,"column":41}}},"6":{"name":"(anonymous_6)","line":52,"loc":{"start":{"line":52,"column":10},"end":{"line":52,"column":27}}},"7":{"name":"(anonymous_7)","line":55,"loc":{"start":{"line":55,"column":9},"end":{"line":55,"column":26}}},"8":{"name":"(anonymous_8)","line":58,"loc":{"start":{"line":58,"column":9},"end":{"line":58,"column":26}}},"9":{"name":"(anonymous_9)","line":61,"loc":{"start":{"line":61,"column":9},"end":{"line":61,"column":26}}},"10":{"name":"(anonymous_10)","line":64,"loc":{"start":{"line":64,"column":10},"end":{"line":64,"column":25}}},"11":{"name":"(anonymous_11)","line":67,"loc":{"start":{"line":67,"column":9},"end":{"line":67,"column":24}}},"12":{"name":"(anonymous_12)","line":70,"loc":{"start":{"line":70,"column":9},"end":{"line":70,"column":26}}},"13":{"name":"(anonymous_13)","line":76,"loc":{"start":{"line":76,"column":10},"end":{"line":76,"column":27}}},"14":{"name":"(anonymous_14)","line":79,"loc":{"start":{"line":79,"column":8},"end":{"line":79,"column":39}}},"15":{"name":"(anonymous_15)","line":83,"loc":{"start":{"line":83,"column":9},"end":{"line":83,"column":21}}},"16":{"name":"deprecateAqlFunction","line":110,"loc":{"start":{"line":110,"column":0},"end":{"line":110,"column":48}}},"17":{"name":"(anonymous_17)","line":111,"loc":{"start":{"line":111,"column":9},"end":{"line":111,"column":21}}},"18":{"name":"(anonymous_18)","line":117,"loc":{"start":{"line":117,"column":42},"end":{"line":117,"column":57}}}},"statementMap":{"1":{"start":{"line":4,"column":0},"end":{"line":4,"column":33}},"2":{"start":{"line":5,"column":0},"end":{"line":5,"column":44}},"3":{"start":{"line":6,"column":0},"end":{"line":6,"column":43}},"4":{"start":{"line":7,"column":0},"end":{"line":7,"column":31}},"5":{"start":{"line":9,"column":0},"end":{"line":32,"column":1}},"6":{"start":{"line":10,"column":2},"end":{"line":12,"column":3}},"7":{"start":{"line":11,"column":4},"end":{"line":11,"column":23}},"8":{"start":{"line":13,"column":2},"end":{"line":15,"column":3}},"9":{"start":{"line":14,"column":4},"end":{"line":14,"column":35}},"10":{"start":{"line":16,"column":2},"end":{"line":30,"column":3}},"11":{"start":{"line":17,"column":4},"end":{"line":19,"column":5}},"12":{"start":{"line":18,"column":6},"end":{"line":18,"column":54}},"13":{"start":{"line":20,"column":4},"end":{"line":22,"column":5}},"14":{"start":{"line":21,"column":6},"end":{"line":21,"column":48}},"15":{"start":{"line":23,"column":4},"end":{"line":23,"column":20}},"16":{"start":{"line":24,"column":4},"end":{"line":28,"column":5}},"17":{"start":{"line":25,"column":6},"end":{"line":27,"column":7}},"18":{"start":{"line":26,"column":8},"end":{"line":26,"column":51}},"19":{"start":{"line":29,"column":4},"end":{"line":29,"column":43}},"20":{"start":{"line":31,"column":2},"end":{"line":31,"column":34}},"21":{"start":{"line":34,"column":0},"end":{"line":37,"column":3}},"22":{"start":{"line":35,"column":2},"end":{"line":35,"column":36}},"23":{"start":{"line":35,"column":29},"end":{"line":35,"column":36}},"24":{"start":{"line":36,"column":2},"end":{"line":36,"column":62}},"25":{"start":{"line":39,"column":0},"end":{"line":47,"column":3}},"26":{"start":{"line":40,"column":2},"end":{"line":40,"column":54}},"27":{"start":{"line":40,"column":47},"end":{"line":40,"column":54}},"28":{"start":{"line":41,"column":2},"end":{"line":46,"column":4}},"29":{"start":{"line":42,"column":4},"end":{"line":45,"column":6}},"30":{"start":{"line":49,"column":0},"end":{"line":51,"column":2}},"31":{"start":{"line":50,"column":2},"end":{"line":50,"column":62}},"32":{"start":{"line":52,"column":0},"end":{"line":54,"column":2}},"33":{"start":{"line":53,"column":2},"end":{"line":53,"column":41}},"34":{"start":{"line":55,"column":0},"end":{"line":57,"column":2}},"35":{"start":{"line":56,"column":2},"end":{"line":56,"column":40}},"36":{"start":{"line":58,"column":0},"end":{"line":60,"column":2}},"37":{"start":{"line":59,"column":2},"end":{"line":59,"column":41}},"38":{"start":{"line":61,"column":0},"end":{"line":63,"column":2}},"39":{"start":{"line":62,"column":2},"end":{"line":62,"column":40}},"40":{"start":{"line":64,"column":0},"end":{"line":66,"column":2}},"41":{"start":{"line":65,"column":2},"end":{"line":65,"column":36}},"42":{"start":{"line":67,"column":0},"end":{"line":69,"column":2}},"43":{"start":{"line":68,"column":2},"end":{"line":68,"column":38}},"44":{"start":{"line":70,"column":0},"end":{"line":75,"column":2}},"45":{"start":{"line":71,"column":2},"end":{"line":73,"column":3}},"46":{"start":{"line":72,"column":4},"end":{"line":72,"column":39}},"47":{"start":{"line":74,"column":2},"end":{"line":74,"column":42}},"48":{"start":{"line":76,"column":0},"end":{"line":78,"column":2}},"49":{"start":{"line":77,"column":2},"end":{"line":77,"column":40}},"50":{"start":{"line":79,"column":0},"end":{"line":108,"column":2}},"51":{"start":{"line":80,"column":2},"end":{"line":82,"column":3}},"52":{"start":{"line":81,"column":4},"end":{"line":81,"column":20}},"53":{"start":{"line":83,"column":2},"end":{"line":107,"column":4}},"54":{"start":{"line":84,"column":4},"end":{"line":84,"column":63}},"55":{"start":{"line":85,"column":4},"end":{"line":105,"column":5}},"56":{"start":{"line":86,"column":6},"end":{"line":86,"column":20}},"57":{"start":{"line":87,"column":6},"end":{"line":98,"column":7}},"58":{"start":{"line":88,"column":8},"end":{"line":97,"column":9}},"59":{"start":{"line":89,"column":10},"end":{"line":91,"column":11}},"60":{"start":{"line":90,"column":12},"end":{"line":90,"column":25}},"61":{"start":{"line":92,"column":15},"end":{"line":97,"column":9}},"62":{"start":{"line":96,"column":10},"end":{"line":96,"column":23}},"63":{"start":{"line":99,"column":6},"end":{"line":104,"column":7}},"64":{"start":{"line":100,"column":8},"end":{"line":103,"column":10}},"65":{"start":{"line":106,"column":4},"end":{"line":106,"column":54}},"66":{"start":{"line":110,"column":0},"end":{"line":115,"column":1}},"67":{"start":{"line":111,"column":2},"end":{"line":114,"column":4}},"68":{"start":{"line":112,"column":4},"end":{"line":112,"column":73}},"69":{"start":{"line":113,"column":4},"end":{"line":113,"column":37}},"70":{"start":{"line":117,"column":0},"end":{"line":122,"column":3}},"71":{"start":{"line":118,"column":2},"end":{"line":118,"column":50}},"72":{"start":{"line":119,"column":2},"end":{"line":121,"column":3}},"73":{"start":{"line":120,"column":4},"end":{"line":120,"column":49}},"74":{"start":{"line":124,"column":0},"end":{"line":124,"column":20}}},"branchMap":{"1":{"line":10,"type":"if","locations":[{"start":{"line":10,"column":2},"end":{"line":10,"column":2}},{"start":{"line":10,"column":2},"end":{"line":10,"column":2}}]},"2":{"line":13,"type":"if","locations":[{"start":{"line":13,"column":2},"end":{"line":13,"column":2}},{"start":{"line":13,"column":2},"end":{"line":13,"column":2}}]},"3":{"line":13,"type":"binary-expr","locations":[{"start":{"line":13,"column":6},"end":{"line":13,"column":18}},{"start":{"line":13,"column":22},"end":{"line":13,"column":39}}]},"4":{"line":16,"type":"if","locations":[{"start":{"line":16,"column":2},"end":{"line":16,"column":2}},{"start":{"line":16,"column":2},"end":{"line":16,"column":2}}]},"5":{"line":17,"type":"if","locations":[{"start":{"line":17,"column":4},"end":{"line":17,"column":4}},{"start":{"line":17,"column":4},"end":{"line":17,"column":4}}]},"6":{"line":20,"type":"if","locations":[{"start":{"line":20,"column":4},"end":{"line":20,"column":4}},{"start":{"line":20,"column":4},"end":{"line":20,"column":4}}]},"7":{"line":25,"type":"if","locations":[{"start":{"line":25,"column":6},"end":{"line":25,"column":6}},{"start":{"line":25,"column":6},"end":{"line":25,"column":6}}]},"8":{"line":35,"type":"if","locations":[{"start":{"line":35,"column":2},"end":{"line":35,"column":2}},{"start":{"line":35,"column":2},"end":{"line":35,"column":2}}]},"9":{"line":40,"type":"if","locations":[{"start":{"line":40,"column":2},"end":{"line":40,"column":2}},{"start":{"line":40,"column":2},"end":{"line":40,"column":2}}]},"10":{"line":40,"type":"binary-expr","locations":[{"start":{"line":40,"column":6},"end":{"line":40,"column":27}},{"start":{"line":40,"column":31},"end":{"line":40,"column":45}}]},"11":{"line":71,"type":"if","locations":[{"start":{"line":71,"column":2},"end":{"line":71,"column":2}},{"start":{"line":71,"column":2},"end":{"line":71,"column":2}}]},"12":{"line":80,"type":"if","locations":[{"start":{"line":80,"column":2},"end":{"line":80,"column":2}},{"start":{"line":80,"column":2},"end":{"line":80,"column":2}}]},"13":{"line":85,"type":"if","locations":[{"start":{"line":85,"column":4},"end":{"line":85,"column":4}},{"start":{"line":85,"column":4},"end":{"line":85,"column":4}}]},"14":{"line":87,"type":"binary-expr","locations":[{"start":{"line":87,"column":18},"end":{"line":87,"column":24}},{"start":{"line":87,"column":28},"end":{"line":87,"column":44}}]},"15":{"line":88,"type":"if","locations":[{"start":{"line":88,"column":8},"end":{"line":88,"column":8}},{"start":{"line":88,"column":8},"end":{"line":88,"column":8}}]},"16":{"line":89,"type":"if","locations":[{"start":{"line":89,"column":10},"end":{"line":89,"column":10}},{"start":{"line":89,"column":10},"end":{"line":89,"column":10}}]},"17":{"line":92,"type":"if","locations":[{"start":{"line":92,"column":15},"end":{"line":92,"column":15}},{"start":{"line":92,"column":15},"end":{"line":92,"column":15}}]},"18":{"line":93,"type":"binary-expr","locations":[{"start":{"line":93,"column":10},"end":{"line":93,"column":71}},{"start":{"line":94,"column":12},"end":{"line":94,"column":38}},{"start":{"line":94,"column":42},"end":{"line":94,"column":68}}]},"19":{"line":99,"type":"if","locations":[{"start":{"line":99,"column":6},"end":{"line":99,"column":6}},{"start":{"line":99,"column":6},"end":{"line":99,"column":6}}]},"20":{"line":119,"type":"if","locations":[{"start":{"line":119,"column":2},"end":{"line":119,"column":2}},{"start":{"line":119,"column":2},"end":{"line":119,"column":2}}]}},"code":["/*jshint browserify: true */","/*globals console: false */","'use strict';","var console = require('console');","var AqlError = require('./errors').AqlError;","var assumptions = require('./assumptions');","var types = require('./types');","","function QB(obj) {","  if (typeof obj === 'string') {","    return QB.str(obj);","  }","  if (obj === null || obj === undefined) {","    return new types.NullLiteral();","  }","  if (typeof obj === 'object') {","    if (obj instanceof Date) {","      return types.autoCastToken(JSON.stringify(obj));","    }","    if (obj instanceof Array) {","      return new types.ListLiteral(obj.map(QB));","    }","    var result = {};","    for (var key in obj) {","      if (obj.hasOwnProperty(key)) {","        result[JSON.stringify(key)] = QB(obj[key]);","      }","    }","    return new types.ObjectLiteral(result);","  }","  return types.autoCastToken(obj);","}","","Object.keys(types._PartialStatement.prototype).forEach(function (key) {","  if (key === 'constructor') return;","  QB[key] = types._PartialStatement.prototype[key].bind(null);","});","","Object.keys(types._Expression.prototype).forEach(function (key) {","  if (key === 'constructor' || key === 'then') return;","  QB[key] = function () {","    return types._Expression.prototype[key].apply(","      types.autoCastToken(arguments[0]),","      Array.prototype.slice.call(arguments, 1)","    );","  };","});","","QB.if = function (cond, then, otherwise) {","  return types.autoCastToken(cond).then(then).else(otherwise);","};","QB.bool = function (value) {","  return new types.BooleanLiteral(value);","};","QB.num = function (value) {","  return new types.NumberLiteral(value);","};","QB.int = function (value) {","  return new types.IntegerLiteral(value);","};","QB.str = function (value) {","  return new types.StringLiteral(value);","};","QB.list = function (arr) {","  return new types.ListLiteral(arr);","};","QB.obj = function (obj) {","  return new types.ObjectLiteral(obj);","};","QB.ref = function (value) {","  if (types.Identifier.re.exec(value)) {","    return new types.Identifier(value);","  }","  return new types.SimpleReference(value);","};","QB.expr = function (value) {","  return new types.RawExpression(value);","};","QB.fn = function (functionName, arity) {","  if (typeof arity === 'number') {","    arity = [arity];","  }","  return function () {","    var args = Array.prototype.slice.call(arguments), valid, i;","    if (arity) {","      valid = false;","      for (i = 0; !valid && i < arity.length; i++) {","        if (typeof arity[i] === 'number') {","          if (args.length === arity[i]) {","            valid = true;","          }","        } else if (","          Object.prototype.toString.call(arity[i]) === '[object Array]' &&","            args.length >= arity[i][0] && args.length <= arity[i][1]","        ) {","          valid = true;","        }","      }","      if (!valid) {","        throw new AqlError(","          'Invalid number of arguments for function ' +","            functionName + ': ' + args.length","        );","      }","    }","    return new types.FunctionCall(functionName, args);","  };","};","","function deprecateAqlFunction(fn, functionName) {","  return function () {","    console.warn('The AQL function ' + functionName + ' is deprecated!');","    return fn.apply(this, arguments);","  };","}","","Object.keys(assumptions.builtins).forEach(function (key) {","  QB[key] = QB.fn(key, assumptions.builtins[key]);","  if (assumptions.deprecatedBuiltins.indexOf(key) !== -1) {","    QB[key] = deprecateAqlFunction(QB[key], key);","  }","});","","module.exports = QB;",""],"l":{"4":1,"5":1,"6":1,"7":1,"9":1,"10":0,"11":0,"13":0,"14":0,"16":0,"17":0,"18":0,"20":0,"21":0,"23":0,"24":0,"25":0,"26":0,"29":0,"31":0,"34":1,"35":14,"36":14,"39":1,"40":24,"41":23,"42":0,"49":1,"50":0,"52":1,"53":0,"55":1,"56":0,"58":1,"59":0,"61":1,"62":0,"64":1,"65":0,"67":1,"68":0,"70":1,"71":0,"72":0,"74":0,"76":1,"77":0,"79":1,"80":126,"81":60,"83":126,"84":0,"85":0,"86":0,"87":0,"88":0,"89":0,"90":0,"92":0,"96":0,"99":0,"100":0,"106":0,"110":1,"111":1,"112":0,"113":0,"117":1,"118":126,"119":126,"120":1,"124":1}},"/home/travis/build/npmtest/node-npmtest-aqb/node_modules/aqb/errors.js":{"path":"/home/travis/build/npmtest/node-npmtest-aqb/node_modules/aqb/errors.js","s":{"1":1,"2":0,"3":0,"4":0,"5":0,"6":0,"7":0,"8":0,"9":0,"10":0,"11":0,"12":0,"13":1,"14":1,"15":1,"16":1},"b":{"1":[0,0],"2":[0,0],"3":[0,0],"4":[0,0]},"f":{"1":0},"fnMap":{"1":{"name":"AqlError","line":3,"loc":{"start":{"line":3,"column":0},"end":{"line":3,"column":27}}}},"statementMap":{"1":{"start":{"line":3,"column":0},"end":{"line":11,"column":1}},"2":{"start":{"line":4,"column":2},"end":{"line":4,"column":25}},"3":{"start":{"line":5,"column":2},"end":{"line":5,"column":31}},"4":{"start":{"line":6,"column":2},"end":{"line":6,"column":23}},"5":{"start":{"line":7,"column":2},"end":{"line":7,"column":58}},"6":{"start":{"line":7,"column":35},"end":{"line":7,"column":58}},"7":{"start":{"line":8,"column":2},"end":{"line":8,"column":76}},"8":{"start":{"line":8,"column":41},"end":{"line":8,"column":76}},"9":{"start":{"line":9,"column":2},"end":{"line":9,"column":73}},"10":{"start":{"line":9,"column":40},"end":{"line":9,"column":73}},"11":{"start":{"line":10,"column":2},"end":{"line":10,"column":67}},"12":{"start":{"line":10,"column":38},"end":{"line":10,"column":67}},"13":{"start":{"line":12,"column":0},"end":{"line":12,"column":33}},"14":{"start":{"line":13,"column":0},"end":{"line":13,"column":42}},"15":{"start":{"line":14,"column":0},"end":{"line":14,"column":37}},"16":{"start":{"line":16,"column":0},"end":{"line":16,"column":28}}},"branchMap":{"1":{"line":7,"type":"if","locations":[{"start":{"line":7,"column":2},"end":{"line":7,"column":2}},{"start":{"line":7,"column":2},"end":{"line":7,"column":2}}]},"2":{"line":8,"type":"if","locations":[{"start":{"line":8,"column":2},"end":{"line":8,"column":2}},{"start":{"line":8,"column":2},"end":{"line":8,"column":2}}]},"3":{"line":9,"type":"if","locations":[{"start":{"line":9,"column":2},"end":{"line":9,"column":2}},{"start":{"line":9,"column":2},"end":{"line":9,"column":2}}]},"4":{"line":10,"type":"if","locations":[{"start":{"line":10,"column":2},"end":{"line":10,"column":2}},{"start":{"line":10,"column":2},"end":{"line":10,"column":2}}]}},"code":["/*jshint browserify: true */","'use strict';","function AqlError(message) {","  this.message = message;","  var err = new Error(message);","  err.name = this.name;","  if (err.hasOwnProperty('stack')) this.stack = err.stack;","  if (err.hasOwnProperty('description')) this.description = err.description;","  if (err.hasOwnProperty('lineNumber')) this.lineNumber = err.lineNumber;","  if (err.hasOwnProperty('fileName')) this.fileName = err.fileName;","}","AqlError.prototype = new Error();","AqlError.prototype.constructor = AqlError;","AqlError.prototype.name = 'AqlError';","","exports.AqlError = AqlError;",""],"l":{"3":1,"4":0,"5":0,"6":0,"7":0,"8":0,"9":0,"10":0,"12":1,"13":1,"14":1,"16":1}},"/home/travis/build/npmtest/node-npmtest-aqb/node_modules/aqb/assumptions.js":{"path":"/home/travis/build/npmtest/node-npmtest-aqb/node_modules/aqb/assumptions.js","s":{"1":1,"2":1,"3":1},"b":{},"f":{},"fnMap":{},"statementMap":{"1":{"start":{"line":3,"column":0},"end":{"line":26,"column":2}},"2":{"start":{"line":28,"column":0},"end":{"line":79,"column":2}},"3":{"start":{"line":81,"column":0},"end":{"line":83,"column":2}}},"branchMap":{},"code":["/*jshint browserify: true */","'use strict';","exports.keywords = [","  'asc',","  'collect',","  'desc',","  'distinct',","  'false',","  'filter',","  'for',","  'in',","  'insert',","  'into',","  'new',","  'let',","  'limit',","  'old',","  'null',","  'remove',","  'replace',","  'return',","  'sort',","  'true',","  'update',","  'with'","];","","exports.builtins = {","  // Conversion","  TO_BOOL: 1, TO_NUMBER: 1, TO_STRING: 1, TO_LIST: 1,","  // Type checks","  IS_NULL: 1, IS_BOOL: 1, IS_NUMBER: 1, IS_STRING: 1, IS_LIST: 1, IS_DOCUMENT: 1,","  // String functions","  CONCAT: [[1, Infinity]], CONCAT_SEPARATOR: [[2, Infinity]],","  CHAR_LENGTH: 1, LENGTH: 1, LOWER: 1, UPPER: 1, SUBSTRING: [2, 3],","  LEFT: 2, RIGHT: 2, TRIM: [1, 2], REVERSE: 1, CONTAINS: [2, 3], LIKE: 3,","  LTRIM: [1, 2], RTRIM: [1, 2], FIND_FIRST: [2, 3, 4], FIND_LAST: [2, 3, 4],","  SPLIT: [1, 2, 3], SUBSTITUTE: [2, 3, 4], MD5: 1, SHA1: 1, RANDOM_TOKEN: 1,","  // Numeric functions","  FLOOR: 1, CEIL: 1, ROUND: 1, ABS: 1, SQRT: 1, RAND: 0,","  // Date functions","  DATE_TIMESTAMP: [1, [3, 7]], DATE_ISO8601: [1, [3, 7]],","  DATE_DAYOFWEEK: 1, DATE_YEAR: 1, DATE_MONTH: 1, DATE_DAY: 1,","  DATE_HOUR: 1, DATE_MINUTE: 1, DATE_SECOND: 1, DATE_MILLISECOND: 1,","  DATE_NOW: 0,","  // List functions","  /*LENGTH: 1,*/ FLATTEN: [1, 2], MIN: 1, MAX: 1, AVERAGE: 1, SUM: 1,","  MEDIAN: 1, PERCENTILE: [2, 3], VARIANCE_POPULATION: 1, VARIANCE_SAMPLE: 1,","  STDDEV_POPULATION: 1, STDDEV_SAMPLE: 1, /*REVERSE: 1,*/","  FIRST: 1, LAST: 1, NTH: 2, POSITION: [2, 3], SLICE: [2, 3],","  UNIQUE: 1, UNION: [[1, Infinity]], UNION_DISTINCT: [[1, Infinity]],","  MINUS: [[1, Infinity]], INTERSECTION: [[1, Infinity]],","  CALL: [[1, Infinity]], APPLY: [[1, Infinity]],","  PUSH: [2, 3], APPEND: [2, 3], POP: 1, SHIFT: 1, UNSHIFT: [2, 3],","  REMOVE_VALUE: [2, 3], REMOVE_VALUES: 2, REMOVE_NTH: 2,","  // Document functions","  MATCHES: [2, 3], MERGE: [[1, Infinity]], MERGE_RECURSIVE: [[1, Infinity]],","  TRANSLATE: [2, 3], HAS: 2, ATTRIBUTES: [[1, 3]], UNSET: [[1, Infinity]],","  KEEP: [[2, Infinity]], PARSE_IDENTIFIER: 1, ZIP: 2,","  // Geo functions","  NEAR: [5, 6], WITHIN: [5, 6], WITHIN_RECTANGLE: 5, IS_IN_POLYGON: [2, 3],","  // Fulltext functions","  FULLTEXT: 3,","  // Graph functions","  PATHS: [3, 4], TRAVERSAL: [5, 6], TRAVERSAL_TREE: [5, 6],","  SHORTEST_PATH: [5, 6], EDGES: [3, 4], NEIGHBORS: [4, 5],","  GRAPH_PATHS: [1, 2], GRAPH_SHORTEST_PATH: [3, 4], GRAPH_DISTANCE_TO: [3, 4],","  GRAPH_TRAVERSAL: [3, 4], GRAPH_TRAVERSAL_TREE: [4, 5], GRAPH_EDGES: [2, 3],","  GRAPH_VERTICES: [2, 3], GRAPH_NEIGHBORS: [2, 3], GRAPH_COMMON_NEIGHBORS: [3, 4, 5],","  GRAPH_COMMON_PROPERTIES: [3, 4], GRAPH_ECCENTRICITY: [1, 2],","  GRAPH_BETWEENNESS: [1, 2], GRAPH_CLOSENESS: [1, 2],","  GRAPH_ABSOLUTE_ECCENTRICITY: [2, 3], GRAPH_ABSOLUTE_BETWEENNESS: [2, 3],","  GRAPH_ABSOLUTE_CLOSENESS: [2, 3], GRAPH_DIAMETER: [1, 2], GRAPH_RADIUS: [1, 2],","  // Control flow functions","  NOT_NULL: [[1, Infinity]], FIRST_LIST: [[1, Infinity]],","  FIRST_DOCUMENT: [[1, Infinity]],","  // Miscellaneous functions","  COLLECTIONS: 0, CURRENT_USER: 0, DOCUMENT: [1, 2], SKIPLIST: [[2, 4]]","};","","exports.deprecatedBuiltins = [","  'SKIPLIST'","];",""],"l":{"3":1,"28":1,"81":1}},"/home/travis/build/npmtest/node-npmtest-aqb/node_modules/aqb/types.js":{"path":"/home/travis/build/npmtest/node-npmtest-aqb/node_modules/aqb/types.js","s":{"1":1,"2":1,"3":1,"4":0,"5":0,"6":0,"7":0,"8":1,"9":0,"10":1,"11":0,"12":0,"13":0,"14":1,"15":0,"16":1,"17":0,"18":0,"19":0,"20":1,"21":0,"22":1,"23":0,"24":0,"25":0,"26":0,"27":0,"28":0,"29":0,"30":0,"31":0,"32":0,"33":1,"34":0,"35":0,"36":0,"37":0,"38":0,"39":1,"40":0,"41":0,"42":0,"43":0,"44":0,"45":0,"46":0,"47":0,"48":1,"49":1,"50":1,"51":1,"52":1,"53":0,"54":0,"55":0,"56":0,"57":0,"58":0,"59":0,"60":0,"61":0,"62":0,"63":0,"64":0,"65":0,"66":0,"67":0,"68":1,"69":0,"70":0,"71":1,"72":1,"73":0,"74":1,"75":0,"76":1,"77":0,"78":1,"79":0,"80":1,"81":0,"82":1,"83":0,"84":1,"85":0,"86":1,"87":0,"88":1,"89":0,"90":1,"91":0,"92":1,"93":0,"94":1,"95":0,"96":1,"97":0,"98":1,"99":0,"100":1,"101":0,"102":1,"103":0,"104":1,"105":0,"106":1,"107":0,"108":1,"109":0,"110":1,"111":0,"112":0,"113":0,"114":0,"115":1,"116":1,"117":1,"118":1,"119":0,"120":0,"121":0,"122":1,"123":1,"124":1,"125":0,"126":1,"127":0,"128":0,"129":0,"130":0,"131":0,"132":1,"133":1,"134":1,"135":0,"136":1,"137":0,"138":0,"139":0,"140":1,"141":1,"142":1,"143":0,"144":1,"145":0,"146":0,"147":0,"148":0,"149":0,"150":1,"151":1,"152":1,"153":1,"154":0,"155":1,"156":0,"157":0,"158":0,"159":0,"160":0,"161":1,"162":1,"163":1,"164":0,"165":1,"166":0,"167":0,"168":0,"169":0,"170":0,"171":1,"172":1,"173":1,"174":0,"175":1,"176":0,"177":0,"178":0,"179":0,"180":0,"181":1,"182":1,"183":1,"184":0,"185":0,"186":1,"187":0,"188":0,"189":0,"190":0,"191":0,"192":0,"193":0,"194":0,"195":0,"196":0,"197":0,"198":0,"199":0,"200":0,"201":1,"202":1,"203":1,"204":0,"205":0,"206":0,"207":0,"208":1,"209":0,"210":0,"211":1,"212":1,"213":1,"214":1,"215":0,"216":1,"217":0,"218":0,"219":0,"220":1,"221":1,"222":1,"223":0,"224":0,"225":1,"226":0,"227":0,"228":0,"229":0,"230":0,"231":0,"232":0,"233":1,"234":1,"235":1,"236":1,"237":0,"238":1,"239":0,"240":0,"241":0,"242":0,"243":0,"244":0,"245":0,"246":0,"247":0,"248":0,"249":1,"250":1,"251":1,"252":1,"253":0,"254":0,"255":0,"256":0,"257":1,"258":0,"259":0,"260":0,"261":0,"262":0,"263":0,"264":0,"265":0,"266":0,"267":0,"268":1,"269":1,"270":1,"271":1,"272":0,"273":0,"274":0,"275":0,"276":0,"277":0,"278":1,"279":0,"280":0,"281":0,"282":0,"283":1,"284":1,"285":1,"286":0,"287":1,"288":0,"289":0,"290":0,"291":0,"292":0,"293":1,"294":1,"295":1,"296":0,"297":1,"298":0,"299":0,"300":0,"301":0,"302":0,"303":0,"304":0,"305":0,"306":0,"307":1,"308":1,"309":1,"310":0,"311":1,"312":0,"313":0,"314":0,"315":0,"316":1,"317":1,"318":1,"319":0,"320":0,"321":1,"322":0,"323":0,"324":0,"325":0,"326":0,"327":0,"328":0,"329":0,"330":1,"331":1,"332":1,"333":1,"334":0,"335":0,"336":1,"337":0,"338":0,"339":0,"340":1,"341":1,"342":1,"343":0,"344":1,"345":1,"346":0,"347":0,"348":0,"349":0,"350":1,"351":0,"352":1,"353":0,"354":0,"355":1,"356":0,"357":0,"358":1,"359":0,"360":1,"361":0,"362":0,"363":1,"364":0,"365":1,"366":0,"367":1,"368":0,"369":1,"370":0,"371":0,"372":0,"373":0,"374":1,"375":0,"376":1,"377":1,"378":0,"379":1,"380":0,"381":0,"382":0,"383":0,"384":1,"385":0,"386":0,"387":0,"388":0,"389":1,"390":0,"391":0,"392":0,"393":0,"394":0,"395":0,"396":0,"397":0,"398":1,"399":0,"400":0,"401":0,"402":0,"403":0,"404":0,"405":0,"406":0,"407":1,"408":0,"409":0,"410":0,"411":1,"412":1,"413":1,"414":0,"415":1,"416":0,"417":0,"418":1,"419":1,"420":1,"421":0,"422":1,"423":0,"424":0,"425":1,"426":1,"427":1,"428":0,"429":1,"430":0,"431":0,"432":0,"433":0,"434":0,"435":0,"436":0,"437":0,"438":0,"439":0,"440":0,"441":0,"442":0,"443":0,"444":0,"445":0,"446":0,"447":0,"448":0,"449":0,"450":0,"451":0,"452":0,"453":0,"454":0,"455":0,"456":0,"457":1,"458":1,"459":1,"460":0,"461":0,"462":1,"463":0,"464":0,"465":0,"466":0,"467":0,"468":0,"469":0,"470":0,"471":1,"472":1,"473":1,"474":0,"475":1,"476":0,"477":0,"478":0,"479":0,"480":0,"481":0,"482":0,"483":0,"484":0,"485":0,"486":0,"487":0,"488":0,"489":0,"490":0,"491":0,"492":1,"493":1,"494":1,"495":1,"496":0,"497":0,"498":0,"499":0,"500":0,"501":0,"502":1,"503":0,"504":0,"505":0,"506":0,"507":0,"508":0,"509":1,"510":1,"511":1,"512":0,"513":1,"514":0,"515":0,"516":0,"517":0,"518":0,"519":0,"520":0,"521":1,"522":1,"523":1,"524":0,"525":1,"526":0,"527":1,"528":0,"529":0,"530":0,"531":0,"532":0,"533":0,"534":0,"535":0,"536":0,"537":0,"538":1,"539":1,"540":1,"541":0,"542":1,"543":0,"544":1,"545":0,"546":1,"547":0,"548":0,"549":0,"550":0,"551":0,"552":0,"553":0,"554":1,"555":1,"556":1,"557":0,"558":1,"559":0,"560":1,"561":0,"562":0,"563":0,"564":0,"565":0,"566":0,"567":0,"568":0,"569":1,"570":1,"571":1,"572":0,"573":1,"574":0,"575":1,"576":0,"577":1,"578":0,"579":0,"580":0,"581":0,"582":0,"583":0,"584":0,"585":0,"586":1,"587":1,"588":1,"589":0,"590":1,"591":0,"592":1,"593":0,"594":1,"595":1,"596":1,"597":1,"598":1,"599":1,"600":1,"601":1,"602":1,"603":1,"604":1,"605":1,"606":1,"607":1,"608":1,"609":1,"610":1,"611":1,"612":1,"613":1,"614":1,"615":1,"616":1,"617":1,"618":1,"619":1,"620":1,"621":1,"622":1,"623":1,"624":1,"625":1,"626":1,"627":1,"628":1,"629":1,"630":1},"b":{"1":[0,0],"2":[0,0,0],"3":[0,0],"4":[0,0,0],"5":[0,0,0],"6":[0,0],"7":[0,0],"8":[0,0],"9":[0,0],"10":[0,0],"11":[0,0],"12":[0,0],"13":[0,0],"14":[0,0],"15":[0,0],"16":[0,0],"17":[0,0],"18":[0,0],"19":[0,0],"20":[0,0],"21":[0,0],"22":[0,0],"23":[0,0],"24":[0,0],"25":[0,0],"26":[0,0],"27":[0,0],"28":[0,0],"29":[0,0],"30":[0,0],"31":[0,0],"32":[0,0],"33":[0,0],"34":[0,0],"35":[0,0,0],"36":[0,0],"37":[0,0],"38":[0,0,0],"39":[0,0],"40":[0,0],"41":[0,0],"42":[0,0],"43":[0,0],"44":[0,0],"45":[0,0],"46":[0,0],"47":[0,0],"48":[0,0],"49":[0,0],"50":[0,0],"51":[0,0],"52":[0,0],"53":[0,0],"54":[0,0],"55":[0,0],"56":[0,0,0],"57":[0,0],"58":[0,0],"59":[0,0],"60":[0,0],"61":[0,0],"62":[0,0],"63":[0,0],"64":[0,0],"65":[0,0],"66":[0,0],"67":[0,0],"68":[0,0],"69":[0,0],"70":[0,0],"71":[0,0],"72":[0,0],"73":[0,0],"74":[0,0],"75":[0,0],"76":[0,0],"77":[0,0],"78":[0,0],"79":[0,0,0],"80":[0,0],"81":[0,0],"82":[0,0],"83":[0,0],"84":[0,0],"85":[0,0],"86":[0,0],"87":[0,0],"88":[0,0],"89":[0,0],"90":[0,0],"91":[0,0],"92":[0,0],"93":[0,0],"94":[0,0],"95":[0,0],"96":[0,0],"97":[0,0],"98":[0,0],"99":[0,0],"100":[0,0],"101":[0,0],"102":[0,0],"103":[0,0],"104":[0,0],"105":[0,0],"106":[0,0],"107":[0,0],"108":[0,0],"109":[0,0],"110":[0,0],"111":[0,0,0],"112":[0,0],"113":[0,0],"114":[0,0],"115":[0,0],"116":[0,0],"117":[0,0],"118":[0,0],"119":[0,0],"120":[0,0],"121":[0,0],"122":[0,0],"123":[0,0],"124":[0,0],"125":[0,0],"126":[0,0],"127":[0,0],"128":[0,0,0],"129":[0,0],"130":[0,0],"131":[0,0],"132":[0,0],"133":[0,0],"134":[0,0],"135":[0,0],"136":[0,0],"137":[0,0],"138":[0,0],"139":[0,0],"140":[0,0],"141":[0,0],"142":[0,0],"143":[0,0],"144":[0,0],"145":[0,0],"146":[0,0],"147":[0,0],"148":[0,0],"149":[0,0],"150":[0,0],"151":[0,0],"152":[0,0],"153":[0,0],"154":[0,0],"155":[0,0],"156":[0,0]},"f":{"1":0,"2":0,"3":0,"4":0,"5":0,"6":0,"7":0,"8":0,"9":0,"10":0,"11":0,"12":0,"13":0,"14":0,"15":17,"16":0,"17":0,"18":0,"19":0,"20":0,"21":0,"22":0,"23":0,"24":0,"25":0,"26":0,"27":0,"28":0,"29":0,"30":0,"31":0,"32":0,"33":0,"34":0,"35":0,"36":0,"37":3,"38":0,"39":0,"40":0,"41":0,"42":0,"43":0,"44":0,"45":0,"46":0,"47":0,"48":0,"49":0,"50":0,"51":0,"52":0,"53":0,"54":0,"55":0,"56":0,"57":0,"58":0,"59":0,"60":0,"61":0,"62":0,"63":0,"64":0,"65":0,"66":0,"67":0,"68":0,"69":0,"70":0,"71":0,"72":0,"73":0,"74":0,"75":0,"76":0,"77":0,"78":0,"79":0,"80":0,"81":12,"82":0,"83":0,"84":0,"85":0,"86":0,"87":0,"88":0,"89":0,"90":0,"91":0,"92":0,"93":0,"94":0,"95":0,"96":0,"97":0,"98":0,"99":0,"100":0,"101":0,"102":0,"103":0,"104":0,"105":0,"106":0,"107":0,"108":0,"109":0,"110":0,"111":0,"112":0,"113":0,"114":0,"115":0,"116":0,"117":0,"118":0,"119":0,"120":0,"121":0,"122":0,"123":0,"124":0,"125":0,"126":0,"127":
[...]
 {into: inFn, in: inFn, in_: inFn};","      };","    }","    return {","      update: updateOrReplaceFn(false),","      replace: updateOrReplaceFn(true)","    };","  }","  return {insert: insertFn};","};","PartialStatement.prototype.insert = function (expr) {","  var self = this, inFn;","  inFn = function (collection) {","    return new InsertExpression(self, expr, collection);","  };","  return {into: inFn, in: inFn, in_: inFn};","};","PartialStatement.prototype.update = function (expr) {","  var self = this, withFn, inFn;","  withFn = function (withExpr) {","    var inFn = function (collection) {","      return new UpdateExpression(self, expr, withExpr, collection);","    };","    return {into: inFn, in: inFn, in_: inFn};","  };","  inFn = function (collection) {","    return new UpdateExpression(self, expr, undefined, collection);","  };","  return {'with': withFn, with_: withFn, into: inFn, in: inFn, in_: inFn};","};","PartialStatement.prototype.replace = function (expr) {","  var self = this, withFn, inFn;","  withFn = function (withExpr) {","    var inFn = function (collection) {","      return new ReplaceExpression(self, expr, withExpr, collection);","    };","    return {into: inFn, in: inFn, in_: inFn};","  };","  inFn = function (collection) {","    return new ReplaceExpression(self, expr, undefined, collection);","  };","  return {'with': withFn, with_: withFn, into: inFn, in: inFn, in_: inFn};","};","","function ForExpression(prev, varname, expr) {","  this._prev = prev;","  this._varname = new Identifier(varname);","  this._expr = autoCastToken(expr);","}","ForExpression.prototype = new PartialStatement();","ForExpression.prototype.constructor = ForExpression;","ForExpression.prototype.toAQL = function () {","  return (","    (this._prev ? this._prev.toAQL() + ' ' : '') +","    'FOR ' + wrapAQL(this._varname) +","    ' IN ' + wrapAQL(this._expr)","  );","};","","function FilterExpression(prev, expr) {","  this._prev = prev;","  this._expr = autoCastToken(expr);","}","FilterExpression.prototype = new PartialStatement();","FilterExpression.prototype.constructor = FilterExpression;","FilterExpression.prototype.toAQL = function () {","  return (","    (this._prev ? this._prev.toAQL() + ' ' : '') +","    'FILTER ' + wrapAQL(this._expr)","  );","};","","function LetExpression(prev, dfns) {","  this._prev = prev;","  this._dfns = new Definitions(dfns);","}","LetExpression.prototype = new PartialStatement();","LetExpression.prototype.constructor = LetExpression;","LetExpression.prototype.toAQL = function () {","  return (","    (this._prev ? this._prev.toAQL() + ' ' : '') +","    'LET ' + wrapAQL(this._dfns)","  );","};","","function CollectExpression(prev, dfns, varname, intoExpr, keepNames, options) {","  this._prev = prev;","  this._dfns = new Definitions(dfns);","  if (!intoExpr) {","    if (!varname) {","      this.into = function (newVarname, newIntoExpr) {","        return new CollectExpression(prev, dfns, newVarname, newIntoExpr, undefined, options);","      };","    } else {","      this._varname = new Identifier(varname);","      if (!keepNames) {","        this.keep = function () {","          var newKeepNames = Array.prototype.slice.call(arguments);","          return new CollectExpression(prev, dfns, varname, undefined, newKeepNames, options);","        };","      } else {","        if (!Array.isArray(keepNames)) {","          throw new AqlError('Expected keep list to be an array: ' + keepNames);","        }","        if (!keepNames.length) {","          throw new AqlError('Expected keep list not to be empty: ' + keepNames);","        }","        this._keep = keepNames.map(function (keepVar) {","          return new Identifier(keepVar);","        });","      }","    }","  } else if (varname) {","    this._varname = new Identifier(varname);","    this._intoExpr = autoCastToken(intoExpr);","  }","  if (!options) {","    this.options = function (newOpts) {","      return new CollectExpression(prev, dfns, varname, intoExpr, keepNames, newOpts);","    };","  } else this._options = new ObjectLiteral(options);","  if (!varname && !intoExpr && !keepNames) {","    this.withCountInto = function (newVarname) {","      return new CollectWithCountIntoExpression(prev, dfns, newVarname, options);","    };","  }","}","CollectExpression.prototype = new PartialStatement();","CollectExpression.prototype.constructor = CollectExpression;","CollectExpression.prototype.toAQL = function () {","  return (","    (this._prev ? this._prev.toAQL() + ' ' : '') +","    'COLLECT ' + wrapAQL(this._dfns) +","    (this._varname ? ' INTO ' + wrapAQL(this._varname) + (","      this._intoExpr ? ' = ' + wrapAQL(this._intoExpr) :","      (this._keep ? ' KEEP ' + this._keep.map(function (keep) {","        return keep.toAQL();","      }).join(', ') : '')","    ) : '') +","    (this._options ? ' OPTIONS ' + wrapAQL(this._options) : '')","  );","};","","function CollectWithCountIntoExpression(prev, dfns, varname, options) {","  this._prev = prev;","  if (dfns) this._dfns = new Definitions(dfns);","  this._varname = new Identifier(varname);","  if (!options) {","    this.options = function (newOpts) {","      return new CollectWithCountIntoExpression(prev, dfns, varname, newOpts);","    };","  } else this._options = new ObjectLiteral(options);","}","CollectWithCountIntoExpression.prototype = new PartialStatement();","CollectWithCountIntoExpression.prototype.constructor = CollectWithCountIntoExpression;","CollectWithCountIntoExpression.prototype.toAQL = function () {","  return (","    (this._prev ? this._prev.toAQL() + ' ' : '') +","    'COLLECT' +","    (this._dfns ? ' ' + wrapAQL(this._dfns) : '') +","    ' WITH COUNT INTO ' + wrapAQL(this._varname) +","    (this._options ? ' OPTIONS ' + wrapAQL(this._options) : '')","  );","};","","function SortExpression(prev, args) {","  if (!args || !Array.isArray(args)) {","    throw new AqlError('Expected sort list to be an array: ' + args);","  }","  if (!args.length) {","    throw new AqlError('Expected sort list not to be empty: ' + args);","  }","  this._prev = prev;","  this._args = [];","  var allowKeyword = false;","  this._args = args.map(function (arg, i) {","    if (!allowKeyword && arg) {","      if (arg instanceof Keyword || (","        typeof arg === 'string' && SortExpression.keywords.indexOf(arg.toUpperCase()) !== -1","      )) {","        throw new AqlError('Unexpected keyword ' + arg.toString() + ' at offset ' + i);","      }","    }","    if (typeof arg === 'string' && SortExpression.keywords.indexOf(arg.toUpperCase()) !== -1) {","      allowKeyword = false;","      return new Keyword(arg);","    } else {","      allowKeyword = true;","      return autoCastToken(arg);","    }","  });","}","SortExpression.keywords = ['ASC', 'DESC'];","SortExpression.prototype = new PartialStatement();","SortExpression.prototype.constructor = SortExpression;","SortExpression.prototype.toAQL = function () {","  var args = [], j = 0;","  this._args.forEach(function (arg) {","    if (arg instanceof Keyword) {","      args[j] += ' ' + arg.toAQL();","    } else {","      j = args.push(wrapAQL(arg)) - 1;","    }","  });","  return (","    (this._prev ? this._prev.toAQL() + ' ' : '') +","    'SORT ' +","    args.join(', ')","  );","};","","function LimitExpression(prev, offset, count) {","  if (count === undefined) {","    count = offset;","    offset = undefined;","  }","  this._prev = prev;","  this._offset = offset === undefined ? undefined : autoCastToken(offset);","  this._count = autoCastToken(count);","}","LimitExpression.prototype = new PartialStatement();","LimitExpression.prototype.constructor = LimitExpression;","LimitExpression.prototype.toAQL = function () {","  return (","    (this._prev ? this._prev.toAQL() + ' ' : '') +","    'LIMIT ' + (","      this._offset === undefined ?","      wrapAQL(this._count) :","      wrapAQL(this._offset) + ', ' + wrapAQL(this._count)","    )","  );","};","","function RemoveExpression(prev, expr, collection, options) {","  this._prev = prev;","  this._expr = autoCastToken(expr);","  this._collection = new Identifier(collection);","  if (!options) {","    this.options = function (newOpts) {","      return new RemoveExpression(prev, expr, collection, newOpts);","    };","  } else this._options = new ObjectLiteral(options);","}","RemoveExpression.prototype = new PartialStatement();","RemoveExpression.prototype.constructor = RemoveExpression;","RemoveExpression.prototype.returnOld = function (x) {","  return this.let(x, 'OLD').return(x);","};","RemoveExpression.prototype.toAQL = function () {","  return (","    (this._prev ? this._prev.toAQL() + ' ' : '') +","    'REMOVE ' + wrapAQL(this._expr) +","    ' IN ' + wrapAQL(this._collection) +","    (this._options ? ' OPTIONS ' + wrapAQL(this._options) : '')","  );","};","","function UpsertExpression(prev, upsertExpr, insertExpr, replace, updateOrReplaceExpr, collection, options) {","  this._prev = prev;","  this._upsertExpr = autoCastToken(upsertExpr);","  this._insertExpr = autoCastToken(insertExpr);","  this._updateOrReplace = replace ? 'REPLACE' : 'UPDATE';","  this._updateOrReplaceExpr = autoCastToken(updateOrReplaceExpr);","  this._collection = new Identifier(collection);","  if (!options) {","    this.options = function (newOpts) {","      return new UpsertExpression(","        prev,","        upsertExpr,","        insertExpr,","        replace,","        updateOrReplaceExpr,","        collection,","        newOpts","      );","    };","  } else this._options = new ObjectLiteral(options);","}","UpsertExpression.prototype = new PartialStatement();","UpsertExpression.prototype.constructor = UpsertExpression;","UpsertExpression.prototype.returnNew = function (x) {","  return this.let(x, 'NEW').return(x);","};","UpsertExpression.prototype.returnOld = function (x) {","  return this.let(x, 'OLD').return(x);","};","UpsertExpression.prototype.toAQL = function () {","  return (","    (this._prev ? this._prev.toAQL() + ' ' : '') +","    'UPSERT ' + wrapAQL(this._upsertExpr) +","    ' INSERT ' + wrapAQL(this._insertExpr) +","    ' ' + this._updateOrReplace + ' ' + wrapAQL(this._updateOrReplaceExpr) +","    ' IN ' + wrapAQL(this._collection) +","    (this._options ? ' OPTIONS ' + wrapAQL(this._options) : '')","  );","};","","function InsertExpression(prev, expr, collection, options) {","  this._prev = prev;","  this._expr = autoCastToken(expr);","  this._collection = new Identifier(collection);","  if (!options) {","    this.options = function (newOpts) {","      return new InsertExpression(prev, expr, collection, newOpts);","    };","  } else this._options = new ObjectLiteral(options);","}","InsertExpression.prototype = new PartialStatement();","InsertExpression.prototype.constructor = InsertExpression;","InsertExpression.prototype.returnNew = function (x) {","  return this.let(x, 'NEW').return(x);","};","InsertExpression.prototype.toAQL = function () {","  return (","    (this._prev ? this._prev.toAQL() + ' ' : '') +","    'INSERT ' + wrapAQL(this._expr) +","    ' INTO ' + wrapAQL(this._collection) +","    (this._options ? ' OPTIONS ' + wrapAQL(this._options) : '')","  );","};","","function UpdateExpression(prev, expr, withExpr, collection, options) {","  this._prev = prev;","  this._expr = autoCastToken(expr);","  this._withExpr = withExpr === undefined ? undefined : autoCastToken(withExpr);","  this._collection = new Identifier(collection);","  if (!options) {","    this.options = function (newOpts) {","      return new UpdateExpression(prev, expr, withExpr, collection, newOpts);","    };","  } else this._options = new ObjectLiteral(options);","}","UpdateExpression.prototype = new PartialStatement();","UpdateExpression.prototype.constructor = UpdateExpression;","UpdateExpression.prototype.returnNew = function (x) {","  return this.let(x, 'NEW').return(x);","};","UpdateExpression.prototype.returnOld = function (x) {","  return this.let(x, 'OLD').return(x);","};","UpdateExpression.prototype.toAQL = function () {","  return (","    (this._prev ? this._prev.toAQL() + ' ' : '') +","    'UPDATE ' + wrapAQL(this._expr) +","    (this._withExpr ? ' WITH ' + wrapAQL(this._withExpr) : '') +","    ' IN ' + wrapAQL(this._collection) +","    (this._options ? ' OPTIONS ' + wrapAQL(this._options) : '')","  );","};","","function ReplaceExpression(prev, expr, withExpr, collection, options) {","  this._prev = prev;","  this._expr = autoCastToken(expr);","  this._withExpr = withExpr === undefined ? undefined : autoCastToken(withExpr);","  this._collection = new Identifier(collection);","  if (!options) {","    this.options = function (newOpts) {","      return new ReplaceExpression(prev, expr, withExpr, collection, newOpts);","    };","  } else this._options = new ObjectLiteral(options);","}","ReplaceExpression.prototype = new PartialStatement();","ReplaceExpression.prototype.constructor = ReplaceExpression;","ReplaceExpression.prototype.returnNew = function (x) {","  return this.let(x, 'NEW').return(x);","};","ReplaceExpression.prototype.returnOld = function (x) {","  return this.let(x, 'OLD').return(x);","};","ReplaceExpression.prototype.toAQL = function () {","  return (","    (this._prev ? this._prev.toAQL() + ' ' : '') +","    'REPLACE ' + wrapAQL(this._expr) +","    (this._withExpr ? ' WITH ' + wrapAQL(this._withExpr) : '') +","    ' IN ' + wrapAQL(this._collection) +","    (this._options ? ' OPTIONS ' + wrapAQL(this._options) : '')","  );","};","","exports.autoCastToken = autoCastToken;","exports.RawExpression = RawExpression;","exports.NullLiteral = NullLiteral;","exports.BooleanLiteral = BooleanLiteral;","exports.NumberLiteral = NumberLiteral;","exports.IntegerLiteral = IntegerLiteral;","exports.StringLiteral = StringLiteral;","exports.ListLiteral = ListLiteral;","exports.ObjectLiteral = ObjectLiteral;","exports.RangeExpression = RangeExpression;","exports.PropertyAccess = PropertyAccess;","exports.Keyword = Keyword;","exports.Identifier = Identifier;","exports.SimpleReference = SimpleReference;","exports.UnaryOperation = UnaryOperation;","exports.BinaryOperation = BinaryOperation;","exports.TernaryOperation = TernaryOperation;","exports.NAryOperation = NAryOperation;","exports.FunctionCall = FunctionCall;","exports.ForExpression = ForExpression;","exports.FilterExpression = FilterExpression;","exports.LetExpression = LetExpression;","exports.CollectExpression = CollectExpression;","exports.CollectWithCountIntoExpression = CollectWithCountIntoExpression;","exports.SortExpression = SortExpression;","exports.LimitExpression = LimitExpression;","exports.ReturnExpression = ReturnExpression;","exports.RemoveExpression = RemoveExpression;","exports.UpsertExpression = UpsertExpression;","exports.InsertExpression = InsertExpression;","exports.UpdateExpression = UpdateExpression;","exports.ReplaceExpression = ReplaceExpression;","","exports._Expression = Expression;","exports._Operation = Operation;","exports._Statement = ReturnExpression;","exports._PartialStatement = PartialStatement;","exports._Definitions = Definitions;",""],"l":{"3":1,"4":1,"6":1,"7":0,"8":0,"9":0,"12":1,"13":0,"20":1,"21":0,"26":0,"28":0,"31":1,"32":0,"39":1,"40":0,"41":0,"43":0,"46":1,"47":0,"50":1,"51":0,"52":0,"54":0,"55":0,"57":0,"58":0,"59":0,"61":0,"62":0,"64":0,"67":1,"68":0,"69":0,"71":0,"72":0,"74":0,"77":1,"78":0,"79":0,"81":0,"82":0,"84":0,"85":0,"86":0,"88":0,"90":1,"91":1,"92":1,"93":1,"95":1,"96":0,"97":0,"99":0,"100":0,"101":0,"102":0,"104":0,"105":0,"106":0,"107":0,"109":0,"112":0,"113":0,"116":0,"117":0,"120":1,"121":0,"122":0,"126":1,"127":1,"128":0,"130":1,"131":0,"133":1,"134":0,"136":1,"137":0,"139":1,"140":0,"142":1,"143":0,"145":1,"146":0,"148":1,"149":0,"151":1,"152":0,"154":1,"155":0,"157":1,"158":0,"160":1,"161":0,"163":1,"164":0,"166":1,"167":0,"169":1,"170":0,"172":1,"173":0,"175":1,"176":0,"178":1,"179":0,"181":1,"182":0,"184":1,"185":0,"186":0,"187":0,"189":0,"193":1,"194":1,"195":1,"197":1,"198":0,"199":0,"201":1,"202":1,"203":1,"204":0,"207":1,"208":0,"209":0,"210":0,"212":0,"214":1,"215":1,"216":1,"217":0,"220":1,"221":0,"222":0,"224":1,"225":1,"226":1,"227":0,"230":1,"231":0,"234":0,"235":0,"236":0,"237":0,"240":1,"241":1,"242":1,"243":1,"244":0,"247":1,"248":0,"251":0,"252":0,"253":0,"254":0,"257":1,"258":1,"259":1,"260":0,"263":1,"264":0,"265":0,"266":0,"268":1,"269":1,"270":1,"271":0,"274":1,"275":0,"276":0,"277":0,"279":0,"281":1,"282":1,"283":1,"284":0,"285":0,"288":1,"289":0,"290":0,"291":0,"293":0,"294":0,"295":0,"296":0,"297":0,"298":0,"300":0,"301":0,"306":0,"308":0,"312":1,"313":1,"314":1,"315":0,"316":0,"317":0,"319":0,"322":1,"323":0,"324":0,"326":1,"327":1,"328":1,"329":1,"330":0,"333":1,"334":0,"335":0,"336":0,"339":1,"340":1,"341":1,"342":0,"343":0,"347":1,"348":0,"349":0,"350":0,"352":0,"353":0,"355":0,"357":1,"358":1,"359":1,"360":1,"361":0,"364":1,"365":0,"366":0,"367":0,"368":0,"369":0,"372":0,"373":0,"375":0,"376":0,"378":0,"380":1,"381":1,"382":1,"383":1,"384":0,"385":0,"386":0,"388":0,"391":1,"392":0,"393":0,"394":0,"395":0,"396":0,"399":0,"400":0,"402":0,"403":0,"405":0,"407":1,"408":1,"409":1,"410":1,"411":0,"412":0,"413":0,"414":0,"416":0,"418":0,"421":1,"422":0,"423":0,"425":0,"426":0,"428":1,"429":1,"430":1,"431":0,"434":1,"435":0,"436":0,"438":0,"439":0,"440":0,"442":1,"443":1,"444":1,"445":0,"448":1,"449":0,"450":0,"452":0,"453":0,"455":0,"456":0,"457":0,"458":0,"459":0,"461":1,"462":1,"463":1,"464":0,"473":1,"474":0,"475":0,"477":0,"478":0,"480":1,"481":1,"482":1,"483":0,"484":0,"487":1,"488":0,"489":0,"491":0,"492":0,"494":0,"495":0,"497":0,"498":0,"500":1,"501":1,"502":1,"503":1,"504":0,"505":0,"508":1,"509":0,"510":0,"511":0,"513":1,"514":1,"515":1,"516":0,"524":1,"525":1,"526":0,"527":0,"529":0,"531":0,"533":1,"534":0,"536":1,"537":0,"538":0,"540":1,"541":0,"542":0,"544":1,"545":0,"547":1,"548":0,"549":0,"551":1,"552":0,"554":1,"555":0,"557":1,"558":0,"560":1,"561":0,"562":0,"563":0,"565":0,"567":1,"568":0,"569":1,"570":1,"571":0,"572":1,"573":0,"582":0,"585":0,"590":0,"592":1,"593":0,"594":0,"595":0,"597":0,"599":1,"600":0,"601":0,"602":0,"603":0,"605":0,"607":0,"608":0,"610":0,"612":1,"613":0,"614":0,"615":0,"616":0,"618":0,"620":0,"621":0,"623":0,"626":1,"627":0,"628":0,"629":0,"631":1,"632":1,"633":1,"634":0,"641":1,"642":0,"643":0,"645":1,"646":1,"647":1,"648":0,"654":1,"655":0,"656":0,"658":1,"659":1,"660":1,"661":0,"667":1,"668":0,"669":0,"670":0,"671":0,"672":0,"673":0,"676":0,"677":0,"678":0,"679":0,"680":0,"683":0,"684":0,"686":0,"687":0,"689":0,"690":0,"694":0,"695":0,"696":0,"698":0,"699":0,"700":0,"702":0,"703":0,"704":0,"705":0,"709":1,"710":1,"711":1,"712":0,"718":0,"725":1,"726":0,"727":0,"728":0,"729":0,"730":0,"731":0,"733":0,"735":1,"736":1,"737":1,"738":0,"747":1,"748":0,"749":0,"751":0,"752":0,"754":0,"755":0,"756":0,"757":0,"758":0,"759":0,"762":0,"765":0,"766":0,"767":0,"769":0,"770":0,"774":1,"775":1,"776":1,"777":1,"778":0,"779":0,"780":0,"781":0,"783":0,"786":0,"793":1,"794":0,"795":0,"796":0,"798":0,"799":0,"800":0,"802":1,"803":1,"804":1,"805":0,"815":1,"816":0,"817":0,"818":0,"819":0,"820":0,"821":0,"823":0,"825":1,"826":1,"827":1,"828":0,"830":1,"831":0,"839":1,"840":0,"841":0,"842":0,"843":0,"844":0,"845":0,"846":0,"847":0,"848":0,"858":0,"860":1,"861":1,"862":1,"863":0,"865":1,"866":0,"868":1,"869":0,"879":1,"880":0,"881":0,"882":0,"883":0,"884":0,"885":0,"887":0,"889":1,"890":1,"891":1,"892":0,"894":1,"895":0,"903":1,"904":0,"905":0,"906":0,"907":0,"908":0,"909":0,"910":0,"912":0,"914":1,"915":1,"916":1,"917":0,"919":1,"920":0,"922":1,"923":0,"932":1,"933":0,"934":0,"935":0,"936":0,"937":0,"938":0,"939":0,"941":0,"943":1,"944":1,"945":1,"946":0,"948":1,"949":0,"951":1,"952":0,"961":1,"962":1,"963":1,"964":1,"965":1,"966":1,"967":1,"968":1,"969":1,"970":1,"971":1,"972":1,"973":1,"974":1,"975":1,"976":1,"977":1,"978":1,"979":1,"980":1,"981":1,"982":1,"983":1,"984":1,"985":1,"986":1,"987":1,"988":1,"989":1,"990":1,"991":1,"992":1,"994":1,"995":1,"996":1,"997":1,"998":1}}}